\BOOKMARK [0][-]{chapter.1}{Einleitung}{}% 1
\BOOKMARK [1][-]{section.1.1}{Motivation und Ziele der Arbeit}{chapter.1}% 2
\BOOKMARK [1][-]{section.1.2}{Anforderungsliste}{chapter.1}% 3
\BOOKMARK [1][-]{section.1.3}{Aufbau der Arbeit}{chapter.1}% 4
\BOOKMARK [0][-]{chapter.2}{Aufbau des Pr\374fstands und Grundlagen}{}% 5
\BOOKMARK [1][-]{section.2.1}{Grundlagen des Pr\374fstandes}{chapter.2}% 6
\BOOKMARK [2][-]{subsection.2.1.1}{Getriebe allgemein}{section.2.1}% 7
\BOOKMARK [2][-]{subsection.2.1.2}{Getriebe des Pr\374fstands}{section.2.1}% 8
\BOOKMARK [2][-]{subsection.2.1.3}{Aktor}{section.2.1}% 9
\BOOKMARK [2][-]{subsection.2.1.4}{Aktoransteuerung}{section.2.1}% 10
\BOOKMARK [2][-]{subsection.2.1.5}{Autobox}{section.2.1}% 11
\BOOKMARK [2][-]{subsection.2.1.6}{Positionsmessung und -regelung}{section.2.1}% 12
\BOOKMARK [1][-]{section.2.2}{Grundlagen L\366ten}{chapter.2}% 13
\BOOKMARK [1][-]{section.2.3}{Mikrocontroller}{chapter.2}% 14
\BOOKMARK [1][-]{section.2.4}{Eingebettete Systeme und Smart Actuators}{chapter.2}% 15
\BOOKMARK [1][-]{section.2.5}{Controller Area Network \(CAN\)}{chapter.2}% 16
\BOOKMARK [1][-]{section.2.6}{Pulsweitenmodulation}{chapter.2}% 17
\BOOKMARK [1][-]{section.2.7}{Zustandsautomaten}{chapter.2}% 18
\BOOKMARK [1][-]{section.2.8}{Serial Wire Debug}{chapter.2}% 19
\BOOKMARK [0][-]{chapter.3}{Vorgehensweise und Testverfahren}{}% 20
\BOOKMARK [1][-]{section.3.1}{Entwicklungsmodell}{chapter.3}% 21
\BOOKMARK [2][-]{subsection.3.1.1}{Das V-Modell}{section.3.1}% 22
\BOOKMARK [2][-]{subsection.3.1.2}{Konkretes Vorgehen mit inkrementellem Entwicklungsansatz}{section.3.1}% 23
\BOOKMARK [0][-]{chapter.4}{Auswahl elektronischer Komponenten und Verschaltung}{}% 24
\BOOKMARK [1][-]{section.4.1}{Anforderungen an die Komponenten}{chapter.4}% 25
\BOOKMARK [2][-]{subsection.4.1.1}{Passive Bauteile}{section.4.1}% 26
\BOOKMARK [2][-]{subsection.4.1.2}{Aktive Bauteile}{section.4.1}% 27
\BOOKMARK [1][-]{section.4.2}{Komponentenauswahl}{chapter.4}% 28
\BOOKMARK [2][-]{subsection.4.2.1}{Mikrocontroller}{section.4.2}% 29
\BOOKMARK [2][-]{subsection.4.2.2}{CAN-Transciever}{section.4.2}% 30
\BOOKMARK [2][-]{subsection.4.2.3}{Spannungsversorgung}{section.4.2}% 31
\BOOKMARK [1][-]{section.4.3}{Platinenanschluss}{chapter.4}% 32
\BOOKMARK [1][-]{section.4.4}{H-Br\374cke}{chapter.4}% 33
\BOOKMARK [1][-]{section.4.5}{Sensorik}{chapter.4}% 34
\BOOKMARK [2][-]{subsection.4.5.1}{Temperatursensor}{section.4.5}% 35
\BOOKMARK [2][-]{subsection.4.5.2}{Lagesensor}{section.4.5}% 36
\BOOKMARK [0][-]{chapter.5}{Platinenentwurf}{}% 37
\BOOKMARK [1][-]{section.5.1}{Elektronikgeh\344use und Anforderungen an die Platinendimensionierung}{chapter.5}% 38
\BOOKMARK [1][-]{section.5.2}{Komponentenplatzierung auf der Platine}{chapter.5}% 39
\BOOKMARK [1][-]{section.5.3}{Dimensionierung der Leiterbahnen}{chapter.5}% 40
\BOOKMARK [2][-]{subsection.5.3.1}{Anwendung auf realer Platine}{section.5.3}% 41
\BOOKMARK [1][-]{section.5.4}{Routen der Platine}{chapter.5}% 42
\BOOKMARK [2][-]{subsection.5.4.1}{Design-Regeln und EMV}{section.5.4}% 43
\BOOKMARK [2][-]{subsection.5.4.2}{Leiterbahnverlegung des Entwicklungsboards}{section.5.4}% 44
\BOOKMARK [1][-]{section.5.5}{Fertigung}{chapter.5}% 45
\BOOKMARK [0][-]{section*.53}{Abbildungsverzeichnis}{}% 46
