This is pdfTeX, Version 3.14159265-2.6-1.40.19 (MiKTeX 2.9.6930 64-bit) (preloaded format=pdflatex 2019.3.1)  26 MAR 2019 22:27
entering extended mode
**./ADP.tex
(ADP.tex
LaTeX2e <2018-12-01>
("C:\Program Files\MiKTeX 2.9\tex/latex/tuddesign\tudreport.cls"
Document Class: tudreport 2009/11/17 1.13 Clemens von Loewenich's and Joe Werner's TUD-Design package
("C:\Program Files\MiKTeX 2.9\tex/latex/xkeyval\xkeyval.sty"
Package: xkeyval 2014/12/03 v2.7a package option processing (HA)

("C:\Program Files\MiKTeX 2.9\tex/generic/xkeyval\xkeyval.tex"
("C:\Program Files\MiKTeX 2.9\tex/generic/xkeyval\xkvutils.tex"
\XKV@toks=\toks14
\XKV@tempa@toks=\toks15

("C:\Program Files\MiKTeX 2.9\tex/generic/xkeyval\keyval.tex"))
\XKV@depth=\count80
File: xkeyval.tex 2014/12/03 v2.7a key=value parser (HA)
)) ("C:\Program Files\MiKTeX 2.9\tex/latex/base\ifthen.sty"
Package: ifthen 2014/09/29 v1.1c Standard LaTeX ifthen package (DPC)
)
Class tudreport Info: Option `paper=a4report' selected. on input line 142.


Class tudreport Warning: Option 'nochapterpage` not supported.
(tudreport)              Use article instead! on input line 144.

("C:\Program Files\MiKTeX 2.9\tex/latex/koma-script\scrreprt.cls"
Document Class: scrreprt 2019/02/01 v3.26b KOMA-Script document class (report)
("C:\Program Files\MiKTeX 2.9\tex/latex/koma-script\scrkbase.sty"
Package: scrkbase 2019/02/01 v3.26b KOMA-Script package (KOMA-Script-dependent basics and keyval usage)

("C:\Program Files\MiKTeX 2.9\tex/latex/koma-script\scrbase.sty"
Package: scrbase 2019/02/01 v3.26b KOMA-Script package (KOMA-Script-independent basics and keyval usage)

("C:\Program Files\MiKTeX 2.9\tex/latex/koma-script\scrlfile.sty"
Package: scrlfile 2019/02/01 v3.26b KOMA-Script package (loading files)
)))
("C:\Program Files\MiKTeX 2.9\tex/latex/koma-script\tocbasic.sty"
Package: tocbasic 2019/02/01 v3.26b KOMA-Script package (handling toc-files)
\scr@dte@tocline@numberwidth=\skip41
\scr@dte@tocline@numbox=\box27
)
Package tocbasic Info: omitting babel extension for `toc'
(tocbasic)             because of feature `nobabel' available
(tocbasic)             for `toc' on input line 136.
Class scrreprt Info: You've used standard option `openright'.
(scrreprt)           This is correct!
(scrreprt)           Internally I'm using `open=right'.
(scrreprt)           If you'd like to set the option with \KOMAoptions,
(scrreprt)           you'd have to use `open=right' there
(scrreprt)           instead of `openright', too.
Class scrreprt Info: File `scrsize11pt.clo' used instead of
(scrreprt)           file `scrsize11.clo' to setup font sizes on input line 2373.

("C:\Program Files\MiKTeX 2.9\tex/latex/koma-script\scrsize11pt.clo"
File: scrsize11pt.clo 2019/02/01 v3.26b KOMA-Script font size class option (11pt)
)
("C:\Program Files\MiKTeX 2.9\tex/latex/koma-script\typearea.sty"
Package: typearea 2019/02/01 v3.26b KOMA-Script package (type area)
\ta@bcor=\skip42
\ta@div=\count81
\ta@hblk=\skip43
\ta@vblk=\skip44
\ta@temp=\skip45
\footheight=\skip46
Package typearea Info: These are the values describing the layout:
(typearea)             DIV  = 10
(typearea)             BCOR = 0.0pt
(typearea)             \paperwidth      = 597.50793pt
(typearea)              \textwidth      = 418.25555pt
(typearea)              DIV departure   = -6%
(typearea)              \evensidemargin = 47.2316pt
(typearea)              \oddsidemargin  = -12.5192pt
(typearea)             \paperheight     = 845.04694pt
(typearea)              \textheight     = 595.80026pt
(typearea)              \topmargin      = -25.16531pt
(typearea)              \headheight     = 17.0pt
(typearea)              \headsep        = 20.40001pt
(typearea)              \topskip        = 11.0pt
(typearea)              \footskip       = 47.6pt
(typearea)              \baselineskip   = 13.6pt
(typearea)              on input line 1715.
)
\c@part=\count82
\c@chapter=\count83
\c@section=\count84
\c@subsection=\count85
\c@subsubsection=\count86
\c@paragraph=\count87
\c@subparagraph=\count88
\scr@dte@chapter@maxnumwidth=\skip47
Class scrreprt Info: using compatibility default `afterindent=bysign'
(scrreprt)           for `\chapter on input line 5305.
\scr@dte@section@maxnumwidth=\skip48
Class scrreprt Info: using compatibility default `runin=bysign'
(scrreprt)           for `\section on input line 5315.
Class scrreprt Info: using compatibility default `afterindent=bysign'
(scrreprt)           for `\section on input line 5315.
\scr@dte@part@maxnumwidth=\skip49
Class scrreprt Info: using compatibility default `afterindent=true'
(scrreprt)           for `\part on input line 5324.
\scr@dte@subsection@maxnumwidth=\skip50
Class scrreprt Info: using compatibility default `runin=bysign'
(scrreprt)           for `\subsection on input line 5334.
Class scrreprt Info: using compatibility default `afterindent=bysign'
(scrreprt)           for `\subsection on input line 5334.
\scr@dte@subsubsection@maxnumwidth=\skip51
Class scrreprt Info: using compatibility default `runin=bysign'
(scrreprt)           for `\subsubsection on input line 5344.
Class scrreprt Info: using compatibility default `afterindent=bysign'
(scrreprt)           for `\subsubsection on input line 5344.
\scr@dte@paragraph@maxnumwidth=\skip52
Class scrreprt Info: using compatibility default `runin=bysign'
(scrreprt)           for `\paragraph on input line 5354.
Class scrreprt Info: using compatibility default `afterindent=bysign'
(scrreprt)           for `\paragraph on input line 5354.
\scr@dte@subparagraph@maxnumwidth=\skip53
Class scrreprt Info: using compatibility default `runin=bysign'
(scrreprt)           for `\subparagraph on input line 5364.
Class scrreprt Info: using compatibility default `afterindent=bysign'
(scrreprt)           for `\subparagraph on input line 5364.
\abovecaptionskip=\skip54
\belowcaptionskip=\skip55
\c@pti@nb@sid@b@x=\box28
Package tocbasic Info: omitting babel extension for `lof'
(tocbasic)             because of feature `nobabel' available
(tocbasic)             for `lof' on input line 6613.
\scr@dte@figure@maxnumwidth=\skip56
\c@figure=\count89
Package tocbasic Info: omitting babel extension for `lot'
(tocbasic)             because of feature `nobabel' available
(tocbasic)             for `lot' on input line 6630.
\scr@dte@table@maxnumwidth=\skip57
\c@table=\count90
Class scrreprt Info: Redefining `\numberline' on input line 6799.
\bibindent=\dimen102
)
("C:\Program Files\MiKTeX 2.9\tex/latex/tools\calc.sty"
Package: calc 2017/05/25 v4.3 Infix arithmetic (KKT,FJ)
\calc@Acount=\count91
\calc@Bcount=\count92
\calc@Adimen=\dimen103
\calc@Bdimen=\dimen104
\calc@Askip=\skip58
\calc@Bskip=\skip59
LaTeX Info: Redefining \setlength on input line 80.
LaTeX Info: Redefining \addtolength on input line 81.
\calc@Ccount=\count93
\calc@Cskip=\skip60
)
("C:\Program Files\MiKTeX 2.9\tex/latex/tuddesign/colours\tudcolours.sty"
Package: tudcolours 2009/03/12 1.9 Clemens von Loewenich's and Joe Werner's TUD-Design package

("C:\Program Files\MiKTeX 2.9\tex/latex/xcolor\xcolor.sty"
Package: xcolor 2016/05/11 v2.12 LaTeX color extensions (UK)
 ("C:\Program Files\MiKTeX 2.9\tex/latex/graphics-cfg\color.cfg"
File: color.cfg 2016/01/02 v1.6 sample color configuration
)
Package xcolor Info: Package option `override' ignored on input line 216.
Package xcolor Info: Driver file: pdftex.def on input line 225.
 ("C:\Program Files\MiKTeX 2.9\tex/latex/graphics-def\pdftex.def"
File: pdftex.def 2018/01/08 v1.0l Graphics/color driver for pdftex
)
Package xcolor Info: Model `cmy' substituted by `cmy0' on input line 1348.
Package xcolor Info: Model `hsb' substituted by `rgb' on input line 1352.
Package xcolor Info: Model `RGB' extended on input line 1364.
Package xcolor Info: Model `HTML' substituted by `rgb' on input line 1366.
Package xcolor Info: Model `Hsb' substituted by `hsb' on input line 1367.
Package xcolor Info: Model `tHsb' substituted by `hsb' on input line 1368.
Package xcolor Info: Model `HSB' substituted by `hsb' on input line 1369.
Package xcolor Info: Model `Gray' substituted by `gray' on input line 1370.
Package xcolor Info: Model `wave' substituted by `hsb' on input line 1371.
)
("C:\Program Files\MiKTeX 2.9\tex/latex/tuddesign/colours\tudcolours.cfg"
File: tudcolours.cfg 2008/12/03
)
("C:\Program Files\MiKTeX 2.9\tex/latex/tuddesign/colours\tudcolours.def"
File: tudcolours.def 2008/12/03
))
("C:\Program Files\MiKTeX 2.9\tex/latex/tuddesign/report\tudreprt_fonts.sty"
Package: tudreprt_fonts 2009/00/18 1.11 Clemens von Loewenich's and Joe Werner's TUD-Design package

("C:\Program Files\MiKTeX 2.9\tex/latex/tuddesign/base\tudfonts.sty"
Package: tudfonts 2009/09/18 1.12 Clemens von Loewenich's and Joe Werner's TUD-Design package

("C:\Program Files\MiKTeX 2.9\tex/latex/base\fontenc.sty"
Package: fontenc 2018/08/11 v2.0j Standard LaTeX package
 ("C:\Program Files\MiKTeX 2.9\tex/latex/base\t1enc.def"
File: t1enc.def 2018/08/11 v2.0j Standard LaTeX file
LaTeX Font Info:    Redeclaring font encoding T1 on input line 48.
))
("C:\Program Files\MiKTeX 2.9\tex/latex/base\textcomp.sty"
Package: textcomp 2018/08/11 v2.0j Standard LaTeX package
Package textcomp Info: Sub-encoding information:
(textcomp)               5 = only ISO-Adobe without \textcurrency
(textcomp)               4 = 5 + \texteuro
(textcomp)               3 = 4 + \textohm
(textcomp)               2 = 3 + \textestimated + \textcurrency
(textcomp)               1 = TS1 - \textcircled - \t
(textcomp)               0 = TS1 (full)
(textcomp)             Font families with sub-encoding setting implement
(textcomp)             only a restricted character set as indicated.
(textcomp)             Family '?' is the default used for unknown fonts.
(textcomp)             See the documentation for details.
Package textcomp Info: Setting ? sub-encoding to TS1/1 on input line 79.
Package textcomp Info: Changing ? sub-encoding to TS1/4 on input line 80.
 ("C:\Program Files\MiKTeX 2.9\tex/latex/base\ts1enc.def"
File: ts1enc.def 2001/06/05 v3.0e (jk/car/fm) Standard LaTeX file
Now handling font encoding TS1 ...
... processing UTF-8 mapping file for font encoding TS1

("C:\Program Files\MiKTeX 2.9\tex/latex/base\ts1enc.dfu"
File: ts1enc.dfu 2018/10/05 v1.2f UTF-8 support for inputenc
   defining Unicode char U+00A2 (decimal 162)
   defining Unicode char U+00A3 (decimal 163)
   defining Unicode char U+00A4 (decimal 164)
   defining Unicode char U+00A5 (decimal 165)
   defining Unicode char U+00A6 (decimal 166)
   defining Unicode char U+00A7 (decimal 167)
   defining Unicode char U+00A8 (decimal 168)
   defining Unicode char U+00A9 (decimal 169)
   defining Unicode char U+00AA (decimal 170)
   defining Unicode char U+00AC (decimal 172)
   defining Unicode char U+00AE (decimal 174)
   defining Unicode char U+00AF (decimal 175)
   defining Unicode char U+00B0 (decimal 176)
   defining Unicode char U+00B1 (decimal 177)
   defining Unicode char U+00B2 (decimal 178)
   defining Unicode char U+00B3 (decimal 179)
   defining Unicode char U+00B4 (decimal 180)
   defining Unicode char U+00B5 (decimal 181)
   defining Unicode char U+00B6 (decimal 182)
   defining Unicode char U+00B7 (decimal 183)
   defining Unicode char U+00B9 (decimal 185)
   defining Unicode char U+00BA (decimal 186)
   defining Unicode char U+00BC (decimal 188)
   defining Unicode char U+00BD (decimal 189)
   defining Unicode char U+00BE (decimal 190)
   defining Unicode char U+00D7 (decimal 215)
   defining Unicode char U+00F7 (decimal 247)
   defining Unicode char U+0192 (decimal 402)
   defining Unicode char U+02C7 (decimal 711)
   defining Unicode char U+02D8 (decimal 728)
   defining Unicode char U+02DD (decimal 733)
   defining Unicode char U+0E3F (decimal 3647)
   defining Unicode char U+2016 (decimal 8214)
   defining Unicode char U+2020 (decimal 8224)
   defining Unicode char U+2021 (decimal 8225)
   defining Unicode char U+2022 (decimal 8226)
   defining Unicode char U+2030 (decimal 8240)
   defining Unicode char U+2031 (decimal 8241)
   defining Unicode char U+203B (decimal 8251)
   defining Unicode char U+203D (decimal 8253)
   defining Unicode char U+2044 (decimal 8260)
   defining Unicode char U+204E (decimal 8270)
   defining Unicode char U+2052 (decimal 8274)
   defining Unicode char U+20A1 (decimal 8353)
   defining Unicode char U+20A4 (decimal 8356)
   defining Unicode char U+20A6 (decimal 8358)
   defining Unicode char U+20A9 (decimal 8361)
   defining Unicode char U+20AB (decimal 8363)
   defining Unicode char U+20AC (decimal 8364)
   defining Unicode char U+20B1 (decimal 8369)
   defining Unicode char U+2103 (decimal 8451)
   defining Unicode char U+2116 (decimal 8470)
   defining Unicode char U+2117 (decimal 8471)
   defining Unicode char U+211E (decimal 8478)
   defining Unicode char U+2120 (decimal 8480)
   defining Unicode char U+2122 (decimal 8482)
   defining Unicode char U+2126 (decimal 8486)
   defining Unicode char U+2127 (decimal 8487)
   defining Unicode char U+212E (decimal 8494)
   defining Unicode char U+2190 (decimal 8592)
   defining Unicode char U+2191 (decimal 8593)
   defining Unicode char U+2192 (decimal 8594)
   defining Unicode char U+2193 (decimal 8595)
   defining Unicode char U+2329 (decimal 9001)
   defining Unicode char U+232A (decimal 9002)
   defining Unicode char U+2422 (decimal 9250)
   defining Unicode char U+25E6 (decimal 9702)
   defining Unicode char U+25EF (decimal 9711)
   defining Unicode char U+266A (decimal 9834)
   defining Unicode char U+FEFF (decimal 65279)
))
LaTeX Info: Redefining \oldstylenums on input line 334.
Package textcomp Info: Setting cmr sub-encoding to TS1/0 on input line 349.
Package textcomp Info: Setting cmss sub-encoding to TS1/0 on input line 350.
Package textcomp Info: Setting cmtt sub-encoding to TS1/0 on input line 351.
Package textcomp Info: Setting cmvtt sub-encoding to TS1/0 on input line 352.
Package textcomp Info: Setting cmbr sub-encoding to TS1/0 on input line 353.
Package textcomp Info: Setting cmtl sub-encoding to TS1/0 on input line 354.
Package textcomp Info: Setting ccr sub-encoding to TS1/0 on input line 355.
Package textcomp Info: Setting ptm sub-encoding to TS1/4 on input line 356.
Package textcomp Info: Setting pcr sub-encoding to TS1/4 on input line 357.
Package textcomp Info: Setting phv sub-encoding to TS1/4 on input line 358.
Package textcomp Info: Setting ppl sub-encoding to TS1/3 on input line 359.
Package textcomp Info: Setting pag sub-encoding to TS1/4 on input line 360.
Package textcomp Info: Setting pbk sub-encoding to TS1/4 on input line 361.
Package textcomp Info: Setting pnc sub-encoding to TS1/4 on input line 362.
Package textcomp Info: Setting pzc sub-encoding to TS1/4 on input line 363.
Package textcomp Info: Setting bch sub-encoding to TS1/4 on input line 364.
Package textcomp Info: Setting put sub-encoding to TS1/5 on input line 365.
Package textcomp Info: Setting uag sub-encoding to TS1/5 on input line 366.
Package textcomp Info: Setting ugq sub-encoding to TS1/5 on input line 367.
Package textcomp Info: Setting ul8 sub-encoding to TS1/4 on input line 368.
Package textcomp Info: Setting ul9 sub-encoding to TS1/4 on input line 369.
Package textcomp Info: Setting augie sub-encoding to TS1/5 on input line 370.
Package textcomp Info: Setting dayrom sub-encoding to TS1/3 on input line 371.
Package textcomp Info: Setting dayroms sub-encoding to TS1/3 on input line 372.
Package textcomp Info: Setting pxr sub-encoding to TS1/0 on input line 373.
Package textcomp Info: Setting pxss sub-encoding to TS1/0 on input line 374.
Package textcomp Info: Setting pxtt sub-encoding to TS1/0 on input line 375.
Package textcomp Info: Setting txr sub-encoding to TS1/0 on input line 376.
Package textcomp Info: Setting txss sub-encoding to TS1/0 on input line 377.
Package textcomp Info: Setting txtt sub-encoding to TS1/0 on input line 378.
Package textcomp Info: Setting lmr sub-encoding to TS1/0 on input line 379.
Package textcomp Info: Setting lmdh sub-encoding to TS1/0 on input line 380.
Package textcomp Info: Setting lmss sub-encoding to TS1/0 on input line 381.
Package textcomp Info: Setting lmssq sub-encoding to TS1/0 on input line 382.
Package textcomp Info: Setting lmvtt sub-encoding to TS1/0 on input line 383.
Package textcomp Info: Setting lmtt sub-encoding to TS1/0 on input line 384.
Package textcomp Info: Setting qhv sub-encoding to TS1/0 on input line 385.
Package textcomp Info: Setting qag sub-encoding to TS1/0 on input line 386.
Package textcomp Info: Setting qbk sub-encoding to TS1/0 on input line 387.
Package textcomp Info: Setting qcr sub-encoding to TS1/0 on input line 388.
Package textcomp Info: Setting qcs sub-encoding to TS1/0 on input line 389.
Package textcomp Info: Setting qpl sub-encoding to TS1/0 on input line 390.
Package textcomp Info: Setting qtm sub-encoding to TS1/0 on input line 391.
Package textcomp Info: Setting qzc sub-encoding to TS1/0 on input line 392.
Package textcomp Info: Setting qhvc sub-encoding to TS1/0 on input line 393.
Package textcomp Info: Setting futs sub-encoding to TS1/4 on input line 394.
Package textcomp Info: Setting futx sub-encoding to TS1/4 on input line 395.
Package textcomp Info: Setting futj sub-encoding to TS1/4 on input line 396.
Package textcomp Info: Setting hlh sub-encoding to TS1/3 on input line 397.
Package textcomp Info: Setting hls sub-encoding to TS1/3 on input line 398.
Package textcomp Info: Setting hlst sub-encoding to TS1/3 on input line 399.
Package textcomp Info: Setting hlct sub-encoding to TS1/5 on input line 400.
Package textcomp Info: Setting hlx sub-encoding to TS1/5 on input line 401.
Package textcomp Info: Setting hlce sub-encoding to TS1/5 on input line 402.
Package textcomp Info: Setting hlcn sub-encoding to TS1/5 on input line 403.
Package textcomp Info: Setting hlcw sub-encoding to TS1/5 on input line 404.
Package textcomp Info: Setting hlcf sub-encoding to TS1/5 on input line 405.
Package textcomp Info: Setting pplx sub-encoding to TS1/3 on input line 406.
Package textcomp Info: Setting pplj sub-encoding to TS1/3 on input line 407.
Package textcomp Info: Setting ptmx sub-encoding to TS1/4 on input line 408.
Package textcomp Info: Setting ptmj sub-encoding to TS1/4 on input line 409.
) ("C:\Program Files\MiKTeX 2.9\tex/latex/base\fix-cm.sty"
Package: fix-cm 2015/01/14 v1.1t fixes to LaTeX

("C:\Program Files\MiKTeX 2.9\tex/latex/base\ts1enc.def"
File: ts1enc.def 2001/06/05 v3.0e (jk/car/fm) Standard LaTeX file
LaTeX Font Info:    Redeclaring font encoding TS1 on input line 47.
))
("C:\Program Files\MiKTeX 2.9\tex/latex/mathdesign\mathdesign.sty"
Package: mathdesign 2013/08/29 v2.31 Math Design Project

("C:\Program Files\MiKTeX 2.9\tex/latex/mathdesign/mdbch\mdbch.cfg")
("C:\Program Files\MiKTeX 2.9\tex/latex/mathdesign/mdbch\mdbch.sty"
Package: mdbch 2013/08/29 v2.31 bitstream bitstream charter + mdbch (Math Design Project)

("C:\Program Files\MiKTeX 2.9\tex/latex/mathdesign\mdfont.def"
File: mdfont.def 2013/08/29 v2.31 (Math Design Project)
)
("C:\Program Files\MiKTeX 2.9\tex/latex/mathdesign\mdsffont.def"
File: mdsffont.def 2013/08/29 v2.31 (Math Design Project)
)
("C:\Program Files\MiKTeX 2.9\tex/latex/mathdesign\mdttfont.def"
File: mdttfont.def 2013/08/29 v2.31 (Math Design Project)
)
\symmdcal=\mathgroup4
LaTeX Font Info:    Overwriting symbol font `mdcal' in version `bold'
(Font)                  OMS/mdbch/m/n --> OMS/mdbch/b/n on input line 97.
\symmdscr=\mathgroup5
LaTeX Font Info:    Overwriting symbol font `mdscr' in version `bold'
(Font)                  OMS/mdbch/m/n --> OMS/mdbch/b/n on input line 103.
LaTeX Font Info:    Overwriting math alphabet `\mathfrak' in version `bold'
(Font)                  U/xmdeuf/m/n --> U/xmdeuf/b/n on input line 110.
LaTeX Font Info:    Overwriting symbol font `operators' in version `normal'
(Font)                  OT1/cmr/m/n --> OT1/mdbch/m/n on input line 121.
LaTeX Font Info:    Overwriting symbol font `letters' in version `normal'
(Font)                  OML/cmm/m/it --> OML/mdbch/m/it on input line 122.
LaTeX Font Info:    Overwriting symbol font `symbols' in version `normal'
(Font)                  OMS/cmsy/m/n --> OMS/mdbch/m/n on input line 123.
LaTeX Font Info:    Overwriting symbol font `largesymbols' in version `normal'
(Font)                  OMX/cmex/m/n --> OMX/mdbch/m/n on input line 124.
LaTeX Font Info:    Overwriting symbol font `operators' in version `bold'
(Font)                  OT1/cmr/bx/n --> OT1/mdbch/b/n on input line 126.
LaTeX Font Info:    Overwriting symbol font `letters' in version `bold'
(Font)                  OML/cmm/b/it --> OML/mdbch/b/it on input line 127.
LaTeX Font Info:    Overwriting symbol font `symbols' in version `bold'
(Font)                  OMS/cmsy/b/n --> OMS/mdbch/b/n on input line 128.
LaTeX Font Info:    Overwriting symbol font `largesymbols' in version `bold'
(Font)                  OMX/cmex/m/n --> OMX/mdbch/b/n on input line 129.
LaTeX Font Info:    Overwriting math alphabet `\mathrm' in version `normal'
(Font)                  OT1/mdbch/m/n --> T1/mdbch/m/n on input line 131.
LaTeX Font Info:    Overwriting math alphabet `\mathbf' in version `normal'
(Font)                  OT1/cmr/bx/n --> T1/mdbch/b/n on input line 132.
LaTeX Font Info:    Overwriting math alphabet `\mathit' in version `normal'
(Font)                  OT1/cmr/m/it --> T1/mdbch/m/it on input line 133.
LaTeX Font Info:    Overwriting math alphabet `\mathsf' in version `normal'
(Font)                  OT1/cmss/m/n --> T1/cmss/m/n on input line 134.
LaTeX Font Info:    Overwriting math alphabet `\mathtt' in version `normal'
(Font)                  OT1/cmtt/m/n --> T1/cmtt/m/n on input line 135.
LaTeX Font Info:    Overwriting math alphabet `\mathrm' in version `bold'
(Font)                  OT1/mdbch/b/n --> T1/mdbch/b/n on input line 137.
LaTeX Font Info:    Overwriting math alphabet `\mathbf' in version `bold'
(Font)                  OT1/cmr/bx/n --> T1/mdbch/b/n on input line 138.
LaTeX Font Info:    Overwriting math alphabet `\mathit' in version `bold'
(Font)                  OT1/cmr/bx/it --> T1/mdbch/b/it on input line 139.
LaTeX Font Info:    Overwriting math alphabet `\mathsf' in version `bold'
(Font)                  OT1/cmss/bx/n --> T1/cmss/b/n on input line 140.
LaTeX Font Info:    Overwriting math alphabet `\mathtt' in version `bold'
(Font)                  OT1/cmtt/m/n --> T1/cmtt/b/n on input line 141.
\symlettersupright=\mathgroup6
LaTeX Font Info:    Overwriting symbol font `lettersupright' in version `bold'
(Font)                  OML/mdbch/m/n --> OML/mdbch/b/n on input line 144.
LaTeX Font Info:    Redeclaring math alphabet \mathrm on input line 145.
LaTeX Font Info:    Overwriting math alphabet `\mathcal' in version `normal'
(Font)                  OMS/mdbch/m/n --> OMS/mdbch/m/n on input line 167.
LaTeX Font Info:    Try loading font information for T1+mdbch on input line 186.

("C:\Program Files\MiKTeX 2.9\tex/latex/mathdesign/mdbch\t1mdbch.fd"
File: t1mdbch.fd 2013/08/29 Fontinst v1.933 font definitions for T1/mdbch.
)
LaTeX Font Info:    Font shape `T1/mdbch/m/n' will be
(Font)              scaled to size 10.51207pt on input line 186.
LaTeX Font Info:    Redeclaring math accent \widetilde on input line 449.
LaTeX Font Info:    Redeclaring math accent \widehat on input line 450.
Now handling font encoding MDA ...
... no UTF-8 mapping file for font encoding MDA
\symmathdesignA=\mathgroup7
LaTeX Font Info:    Overwriting symbol font `mathdesignA' in version `bold'
(Font)                  MDA/mdbch/m/n --> MDA/mdbch/b/n on input line 491.
Now handling font encoding MDB ...
... no UTF-8 mapping file for font encoding MDB
\symmathdesignB=\mathgroup8
LaTeX Font Info:    Overwriting symbol font `mathdesignB' in version `bold'
(Font)                  MDB/mdbch/m/n --> MDB/mdbch/b/n on input line 498.
\@emptytoks=\toks16
LaTeX Font Info:    Redeclaring math accent \widetilde on input line 532.
LaTeX Font Info:    Redeclaring math accent \widehat on input line 533.
\rulethickness=\skip61
)
("C:\Program Files\MiKTeX 2.9\tex/latex/base\fontenc.sty"
Package: fontenc 2018/08/11 v2.0j Standard LaTeX package
 ("C:\Program Files\MiKTeX 2.9\tex/latex/base\t1enc.def"
File: t1enc.def 2018/08/11 v2.0j Standard LaTeX file
LaTeX Font Info:    Redeclaring font encoding T1 on input line 48.
)))
\symutopiasymbol=\mathgroup9
LaTeX Font Info:    Overwriting math alphabet `\mathmb' in version `normal'
(Font)                  T1/5ch/mb/n --> T1/5ch/mb/n on input line 34.
LaTeX Font Info:    Overwriting math alphabet `\mathmb' in version `bold'
(Font)                  T1/5ch/mb/n --> T1/5ch/mb/n on input line 35.
LaTeX Info: Redefining \em on input line 37.
\fontheight=\skip62
\fontdepth=\skip63
\fontstrutbox=\box29
LaTeX Info: Redefining \LaTeX on input line 108.
)
LaTeX Font Info:    Font shape `T1/mdbch/m/n' will be
(Font)              scaled to size 9.12006pt on input line 239.
)
\TUD@headfootsep=\skip64

("C:\Program Files\MiKTeX 2.9\tex/latex/tuddesign/base\tudpage.sty"
Package: tudpage 2009/08/11 1.10 Clemens von Loewenich's and Joe Werner's TUD-Design package

("C:\Program Files\MiKTeX 2.9\tex/latex/tuddesign/base\tudpaper.sty"
Package: tudpaper 2009/01/28 1.9 Clemens von Loewenich's and Joe Werner's TUD-Design package

("C:\Program Files\MiKTeX 2.9\tex/latex/graphics\graphicx.sty"
Package: graphicx 2017/06/01 v1.1a Enhanced LaTeX Graphics (DPC,SPQR)

("C:\Program Files\MiKTeX 2.9\tex/latex/graphics\graphics.sty"
Package: graphics 2017/06/25 v1.2c Standard LaTeX Graphics (DPC,SPQR)
 ("C:\Program Files\MiKTeX 2.9\tex/latex/graphics\trig.sty"
Package: trig 2016/01/03 v1.10 sin cos tan (DPC)
) ("C:\Program Files\MiKTeX 2.9\tex/latex/graphics-cfg\graphics.cfg"
File: graphics.cfg 2016/06/04 v1.11 sample graphics configuration
)
Package graphics Info: Driver file: pdftex.def on input line 99.
)
\Gin@req@height=\dimen105
\Gin@req@width=\dimen106
)
("C:\Program Files\MiKTeX 2.9\tex/latex/eso-pic\eso-pic.sty"
Package: eso-pic 2018/04/12 v2.0h eso-pic (RN)

("C:\Program Files\MiKTeX 2.9\tex/generic/oberdiek\atbegshi.sty"
Package: atbegshi 2016/06/09 v1.18 At begin shipout hook (HO)

("C:\Program Files\MiKTeX 2.9\tex/generic/oberdiek\infwarerr.sty"
Package: infwarerr 2016/05/16 v1.4 Providing info/warning/error messages (HO)
)
("C:\Program Files\MiKTeX 2.9\tex/generic/oberdiek\ltxcmds.sty"
Package: ltxcmds 2016/05/16 v1.23 LaTeX kernel commands for general use (HO)
)
("C:\Program Files\MiKTeX 2.9\tex/generic/oberdiek\ifpdf.sty"
Package: ifpdf 2018/09/07 v3.3 Provides the ifpdf switch
)))
\TUD@logo@height=\skip65
\TUD@logo@leftskip=\skip66
\TUD@sep@top=\skip67
\TUD@sep@left=\skip68
\TUD@sep@right=\skip69
\TUD@sep@bottom=\skip70
\TUD@titlepos=\skip71
\TUD@titlebox@sep@left=\skip72
\TUD@titlebox@sep@right=\skip73
\TUD@titlebox@sep@bottom=\skip74
\TUD@subtitlebox@sep=\skip75
\TUD@textwidth=\skip76
\TUD@cols@width=\skip77
\TUD@cols@sep=\skip78
\c@TUD@cols@n=\count94

("C:\Program Files\MiKTeX 2.9\tex/latex/tuddesign/base\tudrules.sty"
Package: tudrules 2008/10/09 1.6 Clemens von Loewenich's and Joe Werner's TUD-Design package
\TUD@indentbar@height=\skip79
\TUD@indentbar@depth=\skip80
\TUD@indentbar@totalheight=\skip81
\@TUD@indentbar@width=\skip82
\@TUD@largeruleheight=\skip83
\@TUD@smallruleheight=\skip84
\@TUD@rulesep=\skip85
\@TUD@ruleheight=\skip86
)
\TUD@indentbarheight=\skip87

("C:\Program Files\MiKTeX 2.9\tex/latex/geometry\geometry.sty"
Package: geometry 2018/04/16 v5.8 Page Geometry

("C:\Program Files\MiKTeX 2.9\tex/generic/oberdiek\ifvtex.sty"
Package: ifvtex 2016/05/16 v1.6 Detect VTeX and its facilities (HO)
Package ifvtex Info: VTeX not detected.
)
("C:\Program Files\MiKTeX 2.9\tex/generic/ifxetex\ifxetex.sty"
Package: ifxetex 2010/09/12 v0.6 Provides ifxetex conditional
)
\Gm@cnth=\count95
\Gm@cntv=\count96
\c@Gm@tempcnt=\count97
\Gm@bindingoffset=\dimen107
\Gm@wd@mp=\dimen108
\Gm@odd@mp=\dimen109
\Gm@even@mp=\dimen110
\Gm@layoutwidth=\dimen111
\Gm@layoutheight=\dimen112
\Gm@layouthoffset=\dimen113
\Gm@layoutvoffset=\dimen114
\Gm@dimlist=\toks17

("C:\Program Files\MiKTeX 2.9\tex/latex/geometry\geometry.cfg")))
\TUD@footparindent=\skip88


Class scrreprt Warning: Usage of package `fancyhdr' together
(scrreprt)              with a KOMA-Script class is not recommended.
(scrreprt)              I'd suggest to use 
(scrreprt)              package `scrlayer' or `scrlayer-scrpage', because
(scrreprt)              they support KOMA-Script classes.
(scrreprt)              With `fancyhdr' several features of class `scrreprt'
(scrreprt)              like options `headsepline', `footsepline' or command
(scrreprt)              `\MakeMarkcase' and the commands `\setkomafont' and
(scrreprt)              `\addtokomafont' for the page style elements need
(scrreprt)              explicite user intervention to work.
(scrreprt)              Nevertheless, using requested
(scrreprt)              package `fancyhdr' on input line 47.

("C:\Program Files\MiKTeX 2.9\tex/latex/fancyhdr\fancyhdr.sty"
Package: fancyhdr 2019/01/31 v3.10 Extensive control of page headers and footers
\f@nch@headwidth=\skip89
\f@nch@O@elh=\skip90
\f@nch@O@erh=\skip91
\f@nch@O@olh=\skip92
\f@nch@O@orh=\skip93
\f@nch@O@elf=\skip94
\f@nch@O@erf=\skip95
\f@nch@O@olf=\skip96
\f@nch@O@orf=\skip97
))
("C:\Program Files\MiKTeX 2.9\tex/latex/tuddesign/base\tudheading.sty"
Package: tudheading 2009/12/31 1.17 Clemens von Loewenich's and Joe Werner's TUD-Design package


Class scrreprt Warning: Usage of package `titlesec' together
(scrreprt)              with a KOMA-Script class is not recommended.
(scrreprt)              I'd suggest to use the package only
(scrreprt)              if you really need it, because it breaks several
(scrreprt)              KOMA-Script features, i.e., option `headings' and
(scrreprt)              the extended optional argument of the section
(scrreprt)              commands.
(scrreprt)              Nevertheless, using requested
(scrreprt)              package `titlesec' on input line 12.

("C:\Program Files\MiKTeX 2.9\tex/latex/titlesec\titlesec.sty"
Package: titlesec 2016/03/21 v2.10.2 Sectioning titles
\ttl@box=\box30
\beforetitleunit=\skip98
\aftertitleunit=\skip99
\ttl@plus=\dimen115
\ttl@minus=\dimen116
\ttl@toksa=\toks18
\titlewidth=\dimen117
\titlewidthlast=\dimen118
\titlewidthfirst=\dimen119


Package titlesec Warning: Non standard sectioning command detected
(titlesec)                Using default spacing and no format.


Package titlesec Warning: Non standard sectioning command detected
(titlesec)                Using default spacing and no format.


Package titlesec Warning: Non standard sectioning command detected
(titlesec)                Using default spacing and no format.


Package titlesec Warning: Non standard sectioning command detected
(titlesec)                Using default spacing and no format.


Package titlesec Warning: Non standard sectioning command detected
(titlesec)                Using default spacing and no format.

)

Class scrreprt Warning: Activating an ugly workaround for a missing
(scrreprt)              feature of package `titlesec` on input line 12.

\c@seclinedepth=\count98
\TUD@chapter@diff@height=\skip100
LaTeX Font Info:    Font shape `T1/mdbch/m/n' will be
(Font)              scaled to size 19.20013pt on input line 75.
\@TUD@above@headskip=\skip101
\@TUD@below@headskip=\skip102
("C:\Program Files\MiKTeX 2.9\tex/latex/tuddesign/base\tudheading.def"
File: tudheading.def 2009/07/14
\TUD@part@tmp@height=\skip103
\TUD@part@tmp@depth=\skip104
\@TUD@partbox=\box31
)
\TUD@parind=\skip105
\TUD@chapind=\skip106
\TUD@secind=\skip107
\TUD@subsecind=\skip108
\TUD@subsubsecind=\skip109

("C:\Program Files\MiKTeX 2.9\tex/latex/titlesec\block.tss"
File: block.tss 2016/03/15
)
("C:\Program Files\MiKTeX 2.9\tex/latex/titlesec\titletoc.sty"
Package: titletoc 2011/12/15 v1.6 TOC entries
\ttl@leftsep=\dimen120
))
("C:\Program Files\MiKTeX 2.9\tex/latex/tuddesign/base\tudredef.sty"
Package: tudredef 2010/04/10 1.2 Clemens von Loewenich's and Joe Werner's TUD-Design package
\TUD@abstract@count=\count99
)
("C:\Program Files\MiKTeX 2.9\tex/latex/tuddesign/report\tudreprt_title.sty"
Package: tudreprt_title 2014/09/20 1.12 Clemens von Loewenich's and Joe Werner's TUD-Design package
\TUD@sponsorlogo=\box32
\TUD@titleskip=\skip110
))
("C:\Program Files\MiKTeX 2.9\tex/generic/german\ngerman.sty" v2.5e 1998-07-08
Package: ngerman 1998/07/08 v2.5e Support for writing german texts (br)
\grmnU@D=\dimen121
ngerman -- \language number for naustrian undefined, default 45 used.
)
("C:\Program Files\MiKTeX 2.9\tex/latex/subfigure\subfigure.sty"
Package: subfigure 2002/07/30 v2.1.4 subfigure package
\subfigtopskip=\skip111
\subfigcapskip=\skip112
\subfigcaptopadj=\dimen122
\subfigbottomskip=\skip113
\subfigcapmargin=\dimen123
\subfiglabelskip=\skip114
\c@subfigure=\count100
\c@lofdepth=\count101
\c@subtable=\count102
\c@lotdepth=\count103

****************************************
* Local config file subfigure.cfg used *
****************************************
("C:\Program Files\MiKTeX 2.9\tex/latex/subfigure\subfigure.cfg")
\subfig@top=\skip115
\subfig@bottom=\skip116
)
("C:\Program Files\MiKTeX 2.9\tex/latex/footmisc\footmisc.sty"
Package: footmisc 2011/06/06 v5.5b a miscellany of footnote facilities
\FN@temptoken=\toks19
\footnotemargin=\dimen124
\c@pp@next@reset=\count104
Package footmisc Info: Declaring symbol style bringhurst on input line 855.
Package footmisc Info: Declaring symbol style chicago on input line 863.
Package footmisc Info: Declaring symbol style wiley on input line 872.
Package footmisc Info: Declaring symbol style lamport-robust on input line 883.
Package footmisc Info: Declaring symbol style lamport* on input line 903.
Package footmisc Info: Declaring symbol style lamport*-robust on input line 924.
)
("C:\Program Files\MiKTeX 2.9\tex/latex/hyperref\hyperref.sty"
Package: hyperref 2018/11/30 v6.88e Hypertext links for LaTeX

("C:\Program Files\MiKTeX 2.9\tex/generic/oberdiek\hobsub-hyperref.sty"
Package: hobsub-hyperref 2016/05/16 v1.14 Bundle oberdiek, subset hyperref (HO)

("C:\Program Files\MiKTeX 2.9\tex/generic/oberdiek\hobsub-generic.sty"
Package: hobsub-generic 2016/05/16 v1.14 Bundle oberdiek, subset generic (HO)
Package: hobsub 2016/05/16 v1.14 Construct package bundles (HO)
Package hobsub Info: Skipping package `infwarerr' (already loaded).
Package hobsub Info: Skipping package `ltxcmds' (already loaded).
Package: ifluatex 2016/05/16 v1.4 Provides the ifluatex switch (HO)
Package ifluatex Info: LuaTeX not detected.
Package hobsub Info: Skipping package `ifvtex' (already loaded).
Package: intcalc 2016/05/16 v1.2 Expandable calculations with integers (HO)
Package hobsub Info: Skipping package `ifpdf' (already loaded).
Package: etexcmds 2016/05/16 v1.6 Avoid name clashes with e-TeX commands (HO)
Package: kvsetkeys 2016/05/16 v1.17 Key value parser (HO)
Package: kvdefinekeys 2016/05/16 v1.4 Define keys (HO)
Package: pdftexcmds 2018/09/10 v0.29 Utility functions of pdfTeX for LuaTeX (HO)
Package pdftexcmds Info: LuaTeX not detected.
Package pdftexcmds Info: \pdf@primitive is available.
Package pdftexcmds Info: \pdf@ifprimitive is available.
Package pdftexcmds Info: \pdfdraftmode found.
Package: pdfescape 2016/05/16 v1.14 Implements pdfTeX's escape features (HO)
Package: bigintcalc 2016/05/16 v1.4 Expandable calculations on big integers (HO)
Package: bitset 2016/05/16 v1.2 Handle bit-vector datatype (HO)
Package: uniquecounter 2016/05/16 v1.3 Provide unlimited unique counter (HO)
)
Package hobsub Info: Skipping package `hobsub' (already loaded).
Package: letltxmacro 2016/05/16 v1.5 Let assignment for LaTeX macros (HO)
Package: hopatch 2016/05/16 v1.3 Wrapper for package hooks (HO)
Package: xcolor-patch 2016/05/16 xcolor patch
Package: atveryend 2016/05/16 v1.9 Hooks at the very end of document (HO)
Package atveryend Info: \enddocument detected (standard20110627).
Package hobsub Info: Skipping package `atbegshi' (already loaded).
Package: refcount 2016/05/16 v3.5 Data extraction from label references (HO)
Package: hycolor 2016/05/16 v1.8 Color options for hyperref/bookmark (HO)
)
("C:\Program Files\MiKTeX 2.9\tex/latex/oberdiek\auxhook.sty"
Package: auxhook 2016/05/16 v1.4 Hooks for auxiliary files (HO)
)
("C:\Program Files\MiKTeX 2.9\tex/latex/oberdiek\kvoptions.sty"
Package: kvoptions 2016/05/16 v3.12 Key value format for package options (HO)
)
\@linkdim=\dimen125
\Hy@linkcounter=\count105
\Hy@pagecounter=\count106

("C:\Program Files\MiKTeX 2.9\tex/latex/hyperref\pd1enc.def"
File: pd1enc.def 2018/11/30 v6.88e Hyperref: PDFDocEncoding definition (HO)
Now handling font encoding PD1 ...
... no UTF-8 mapping file for font encoding PD1
)
\Hy@SavedSpaceFactor=\count107

("C:\Program Files\MiKTeX 2.9\tex/latex/00miktex\hyperref.cfg"
File: hyperref.cfg 2002/06/06 v1.2 hyperref configuration of TeXLive
)
Package hyperref Info: Option `colorlinks' set `false' on input line 4393.
Package hyperref Info: Hyper figures OFF on input line 4519.
Package hyperref Info: Link nesting OFF on input line 4524.
Package hyperref Info: Hyper index ON on input line 4527.
Package hyperref Info: Plain pages OFF on input line 4534.
Package hyperref Info: Backreferencing OFF on input line 4539.
Package hyperref Info: Implicit mode ON; LaTeX internals redefined.
Package hyperref Info: Bookmarks ON on input line 4772.
\c@Hy@tempcnt=\count108
 ("C:\Program Files\MiKTeX 2.9\tex/latex/url\url.sty"
\Urlmuskip=\muskip10
Package: url 2013/09/16  ver 3.4  Verb mode for urls, etc.
)
LaTeX Info: Redefining \url on input line 5125.
\XeTeXLinkMargin=\dimen126
\Fld@menulength=\count109
\Field@Width=\dimen127
\Fld@charsize=\dimen128
Package hyperref Info: Hyper figures OFF on input line 6380.
Package hyperref Info: Link nesting OFF on input line 6385.
Package hyperref Info: Hyper index ON on input line 6388.
Package hyperref Info: backreferencing OFF on input line 6395.
Package hyperref Info: Link coloring OFF on input line 6400.
Package hyperref Info: Link coloring with OCG OFF on input line 6405.
Package hyperref Info: PDF/A mode OFF on input line 6410.
LaTeX Info: Redefining \ref on input line 6450.
LaTeX Info: Redefining \pageref on input line 6454.
\Hy@abspage=\count110
\c@Item=\count111
\c@Hfootnote=\count112
)
Package hyperref Info: Driver (autodetected): hpdftex.

("C:\Program Files\MiKTeX 2.9\tex/latex/hyperref\hpdftex.def"
File: hpdftex.def 2018/11/30 v6.88e Hyperref driver for pdfTeX
\Fld@listcount=\count113
\c@bookmark@seq@number=\count114

("C:\Program Files\MiKTeX 2.9\tex/latex/oberdiek\rerunfilecheck.sty"
Package: rerunfilecheck 2016/05/16 v1.8 Rerun checks for auxiliary files (HO)
Package uniquecounter Info: New unique counter `rerunfilecheck' on input line 282.
)
\Hy@SectionHShift=\skip117
)
("C:\Program Files\MiKTeX 2.9\tex/latex/amsmath\amsmath.sty"
Package: amsmath 2018/12/01 v2.17b AMS math features
\@mathmargin=\skip118

For additional information on amsmath, use the `?' option.
("C:\Program Files\MiKTeX 2.9\tex/latex/amsmath\amstext.sty"
Package: amstext 2000/06/29 v2.01 AMS text
 ("C:\Program Files\MiKTeX 2.9\tex/latex/amsmath\amsgen.sty"
File: amsgen.sty 1999/11/30 v2.0 generic functions
\@emptytoks=\toks20
\ex@=\dimen129
)) ("C:\Program Files\MiKTeX 2.9\tex/latex/amsmath\amsbsy.sty"
Package: amsbsy 1999/11/29 v1.2d Bold Symbols
\pmbraise@=\dimen130
)
("C:\Program Files\MiKTeX 2.9\tex/latex/amsmath\amsopn.sty"
Package: amsopn 2016/03/08 v2.02 operator names
)
\inf@bad=\count115
LaTeX Info: Redefining \frac on input line 223.
\uproot@=\count116
\leftroot@=\count117
LaTeX Info: Redefining \overline on input line 385.
\classnum@=\count118
\DOTSCASE@=\count119
LaTeX Info: Redefining \ldots on input line 482.
LaTeX Info: Redefining \dots on input line 485.
LaTeX Info: Redefining \cdots on input line 606.
\Mathstrutbox@=\box33
\strutbox@=\box34
\big@size=\dimen131
LaTeX Font Info:    Redeclaring font encoding OML on input line 729.
LaTeX Font Info:    Redeclaring font encoding OMS on input line 730.
\macc@depth=\count120
\c@MaxMatrixCols=\count121
\dotsspace@=\muskip11
\c@parentequation=\count122
\dspbrk@lvl=\count123
\tag@help=\toks21
\row@=\count124
\column@=\count125
\maxfields@=\count126
\andhelp@=\toks22
\eqnshift@=\dimen132
\alignsep@=\dimen133
\tagshift@=\dimen134
\tagwidth@=\dimen135
\totwidth@=\dimen136
\lineht@=\dimen137
\@envbody=\toks23
\multlinegap=\skip119
\multlinetaggap=\skip120
\mathdisplay@stack=\toks24
LaTeX Info: Redefining \[ on input line 2844.
LaTeX Info: Redefining \] on input line 2845.
) ("C:\Program Files\MiKTeX 2.9\tex/latex/tools\longtable.sty"
Package: longtable 2014/10/28 v4.11 Multi-page Table package (DPC)
\LTleft=\skip121
\LTright=\skip122
\LTpre=\skip123
\LTpost=\skip124
\LTchunksize=\count127
\LTcapwidth=\dimen138
\LT@head=\box35
\LT@firsthead=\box36
\LT@foot=\box37
\LT@lastfoot=\box38
\LT@cols=\count128
\LT@rows=\count129
\c@LT@tables=\count130
\c@LT@chunks=\count131
\LT@p@ftn=\toks25
)
Class scrreprt Info: longtable captions redefined on input line 8.
 ("C:\Program Files\MiKTeX 2.9\tex/latex/multirow\multirow.sty"
Package: multirow 2019/01/01 v2.4 Span multiple rows of a table
\multirow@colwidth=\skip125
\multirow@cntb=\count132
\multirow@dima=\skip126
\bigstrutjot=\dimen139
)
("C:\Program Files\MiKTeX 2.9\tex/latex/booktabs\booktabs.sty"
Package: booktabs 2005/04/14 v1.61803 publication quality tables
\heavyrulewidth=\dimen140
\lightrulewidth=\dimen141
\cmidrulewidth=\dimen142
\belowrulesep=\dimen143
\belowbottomsep=\dimen144
\aboverulesep=\dimen145
\abovetopsep=\dimen146
\cmidrulesep=\dimen147
\cmidrulekern=\dimen148
\defaultaddspace=\dimen149
\@cmidla=\count133
\@cmidlb=\count134
\@aboverulesep=\dimen150
\@belowrulesep=\dimen151
\@thisruleclass=\count135
\@lastruleclass=\count136
\@thisrulewidth=\dimen152
)
("C:\Program Files\MiKTeX 2.9\tex/latex/biblatex\biblatex.sty"
Package: biblatex 2018/11/02 v3.12 programmable bibliographies (PK/MW)

("C:\Program Files\MiKTeX 2.9\tex/latex/etoolbox\etoolbox.sty"
Package: etoolbox 2018/08/19 v2.5f e-TeX tools for LaTeX (JAW)
\etb@tempcnta=\count137
) ("C:\Program Files\MiKTeX 2.9\tex/latex/logreq\logreq.sty"
Package: logreq 2010/08/04 v1.0 xml request logger
\lrq@indent=\count138
 ("C:\Program Files\MiKTeX 2.9\tex/latex/logreq\logreq.def"
File: logreq.def 2010/08/04 v1.0 logreq spec v1.0
))
\c@tabx@nest=\count139
\c@listtotal=\count140
\c@listcount=\count141
\c@liststart=\count142
\c@liststop=\count143
\c@citecount=\count144
\c@citetotal=\count145
\c@multicitecount=\count146
\c@multicitetotal=\count147
\c@instcount=\count148
\c@maxnames=\count149
\c@minnames=\count150
\c@maxitems=\count151
\c@minitems=\count152
\c@citecounter=\count153
\c@maxcitecounter=\count154
\c@savedcitecounter=\count155
\c@uniquelist=\count156
\c@uniquename=\count157
\c@refsection=\count158
\c@refsegment=\count159
\c@maxextratitle=\count160
\c@maxextratitleyear=\count161
\c@maxextraname=\count162
\c@maxextradate=\count163
\c@maxextraalpha=\count164
\c@abbrvpenalty=\count165
\c@highnamepenalty=\count166
\c@lownamepenalty=\count167
\c@maxparens=\count168
\c@parenlevel=\count169
\blx@tempcnta=\count170
\blx@tempcntb=\count171
\blx@tempcntc=\count172
\blx@maxsection=\count173
\blx@maxsegment@0=\count174
\blx@notetype=\count175
\blx@parenlevel@text=\count176
\blx@parenlevel@foot=\count177
\blx@sectionciteorder@0=\count178
\blx@entrysetcounter=\count179
\labelnumberwidth=\skip127
\labelalphawidth=\skip128
\biblabelsep=\skip129
\bibitemsep=\skip130
\bibnamesep=\skip131
\bibinitsep=\skip132
\bibparsep=\skip133
\bibhang=\skip134
\blx@bcfin=\read1
\blx@bcfout=\write3
\c@mincomprange=\count180
\c@maxcomprange=\count181
\c@mincompwidth=\count182
Package biblatex Info: Trying to load biblatex default data model...
Package biblatex Info: ... file 'blx-dm.def' found.

("C:\Program Files\MiKTeX 2.9\tex/latex/biblatex\blx-dm.def"
File: blx-dm.def 2018/11/02 v3.12 biblatex localization (PK/MW)
)
Package biblatex Info: Trying to load biblatex custom data model...
Package biblatex Info: ... file 'biblatex-dm.cfg' not found.
\c@afterword=\count183
\c@savedafterword=\count184
\c@annotator=\count185
\c@savedannotator=\count186
\c@author=\count187
\c@savedauthor=\count188
\c@bookauthor=\count189
\c@savedbookauthor=\count190
\c@commentator=\count191
\c@savedcommentator=\count192
\c@editor=\count193
\c@savededitor=\count194
\c@editora=\count195
\c@savededitora=\count196
\c@editorb=\count197
\c@savededitorb=\count198
\c@editorc=\count199
\c@savededitorc=\count266
\c@foreword=\count267
\c@savedforeword=\count268
\c@holder=\count269
\c@savedholder=\count270
\c@introduction=\count271
\c@savedintroduction=\count272
\c@namea=\count273
\c@savednamea=\count274
\c@nameb=\count275
\c@savednameb=\count276
\c@namec=\count277
\c@savednamec=\count278
\c@translator=\count279
\c@savedtranslator=\count280
\c@shortauthor=\count281
\c@savedshortauthor=\count282
\c@shorteditor=\count283
\c@savedshorteditor=\count284
\c@labelname=\count285
\c@savedlabelname=\count286
\c@institution=\count287
\c@savedinstitution=\count288
\c@lista=\count289
\c@savedlista=\count290
\c@listb=\count291
\c@savedlistb=\count292
\c@listc=\count293
\c@savedlistc=\count294
\c@listd=\count295
\c@savedlistd=\count296
\c@liste=\count297
\c@savedliste=\count298
\c@listf=\count299
\c@savedlistf=\count300
\c@location=\count301
\c@savedlocation=\count302
\c@organization=\count303
\c@savedorganization=\count304
\c@origlocation=\count305
\c@savedoriglocation=\count306
\c@origpublisher=\count307
\c@savedorigpublisher=\count308
\c@publisher=\count309
\c@savedpublisher=\count310
\c@language=\count311
\c@savedlanguage=\count312
\c@origlanguage=\count313
\c@savedoriglanguage=\count314
\c@pageref=\count315
\c@savedpageref=\count316
\shorthandwidth=\skip135
\shortjournalwidth=\skip136
\shortserieswidth=\skip137
\shorttitlewidth=\skip138
\shortauthorwidth=\skip139
\shorteditorwidth=\skip140
\locallabelnumberwidth=\skip141
\locallabelalphawidth=\skip142
\localshorthandwidth=\skip143
\localshortjournalwidth=\skip144
\localshortserieswidth=\skip145
\localshorttitlewidth=\skip146
\localshortauthorwidth=\skip147
\localshorteditorwidth=\skip148
Package biblatex Info: Trying to load compatibility code...
Package biblatex Info: ... file 'blx-compat.def' found.

("C:\Program Files\MiKTeX 2.9\tex/latex/biblatex\blx-compat.def"
File: blx-compat.def 2018/11/02 v3.12 biblatex compatibility (PK/MW)
)
Package biblatex Info: Trying to load generic definitions...
Package biblatex Info: ... file 'biblatex.def' found.

("C:\Program Files\MiKTeX 2.9\tex/latex/biblatex\biblatex.def"
File: biblatex.def 2018/11/02 v3.12 biblatex compatibility (PK/MW)
\c@textcitecount=\count317
\c@textcitetotal=\count318
\c@textcitemaxnames=\count319
\c@biburlnumpenalty=\count320
\c@biburlucpenalty=\count321
\c@biburllcpenalty=\count322
\c@smartand=\count323
)
Package biblatex Info: Trying to load bibliography style 'numeric'...
Package biblatex Info: ... file 'numeric.bbx' found.

("C:\Program Files\MiKTeX 2.9\tex/latex/biblatex/bbx\numeric.bbx"
File: numeric.bbx 2018/11/02 v3.12 biblatex bibliography style (PK/MW)
Package biblatex Info: Trying to load bibliography style 'standard'...
Package biblatex Info: ... file 'standard.bbx' found.

("C:\Program Files\MiKTeX 2.9\tex/latex/biblatex/bbx\standard.bbx"
File: standard.bbx 2018/11/02 v3.12 biblatex bibliography style (PK/MW)
\c@bbx:relatedcount=\count324
\c@bbx:relatedtotal=\count325
))
Package biblatex Info: Trying to load citation style 'numeric'...
Package biblatex Info: ... file 'numeric.cbx' found.

("C:\Program Files\MiKTeX 2.9\tex/latex/biblatex/cbx\numeric.cbx"
File: numeric.cbx 2018/11/02 v3.12 biblatex citation style (PK/MW)
Package biblatex Info: Redefining '\cite'.
Package biblatex Info: Redefining '\parencite'.
Package biblatex Info: Redefining '\footcite'.
Package biblatex Info: Redefining '\footcitetext'.
Package biblatex Info: Redefining '\smartcite'.
Package biblatex Info: Redefining '\supercite'.
Package biblatex Info: Redefining '\textcite'.
Package biblatex Info: Redefining '\textcites'.
Package biblatex Info: Redefining '\cites'.
Package biblatex Info: Redefining '\parencites'.
Package biblatex Info: Redefining '\smartcites'.
)
Package biblatex Info: Trying to load configuration file...
Package biblatex Info: ... file 'biblatex.cfg' found.

("C:\Program Files\MiKTeX 2.9\tex/latex/biblatex\biblatex.cfg"
File: biblatex.cfg 
)) ("C:\Program Files\MiKTeX 2.9\tex/latex/float\float.sty"
Package: float 2001/11/08 v1.3d Float enhancements (AL)
\c@float@type=\count326
\float@exts=\toks26
\float@box=\box39
\@float@everytoks=\toks27
\@floatcapt=\box40
) ("C:\Program Files\MiKTeX 2.9\tex/latex/SIstyle\sistyle.sty"
Package: sistyle 2008/07/16 v2.3a SI units and numbers (DNJ Els)
\ttoks@A=\toks28
\ttoks@B=\toks29
)
\longtablewidth=\skip149
Package biblatex Info: Trying to load language 'english'...
Package biblatex Info: ... file 'english.lbx' found.

("C:\Program Files\MiKTeX 2.9\tex/latex/biblatex/lbx\english.lbx"
File: english.lbx 2018/11/02 v3.12 biblatex localization (PK/MW)
)
\@quotelevel=\count327
\@quotereset=\count328
 (ADP.aux

LaTeX Warning: Label `fig:LDO' multiply defined.

)
\openout1 = `ADP.aux'.

LaTeX Font Info:    Checking defaults for OML/cmm/m/it on input line 65.
LaTeX Font Info:    ... okay on input line 65.
LaTeX Font Info:    Checking defaults for T1/cmr/m/n on input line 65.
LaTeX Font Info:    ... okay on input line 65.
LaTeX Font Info:    Checking defaults for OT1/cmr/m/n on input line 65.
LaTeX Font Info:    ... okay on input line 65.
LaTeX Font Info:    Checking defaults for OMS/cmsy/m/n on input line 65.
LaTeX Font Info:    ... okay on input line 65.
LaTeX Font Info:    Checking defaults for OMX/cmex/m/n on input line 65.
LaTeX Font Info:    ... okay on input line 65.
LaTeX Font Info:    Checking defaults for U/cmr/m/n on input line 65.
LaTeX Font Info:    ... okay on input line 65.
LaTeX Font Info:    Checking defaults for TS1/cmr/m/n on input line 65.
LaTeX Font Info:    ... okay on input line 65.
LaTeX Font Info:    Checking defaults for MDA/cmr/m/n on input line 65.
LaTeX Font Info:    Try loading font information for MDA+cmr on input line 65.
 ("C:\Program Files\MiKTeX 2.9\tex/latex/mathdesign\mdacmr.fd"
File: mdacmr.fd 
)
LaTeX Font Info:    ... okay on input line 65.
LaTeX Font Info:    Checking defaults for MDB/cmr/m/n on input line 65.
LaTeX Font Info:    Try loading font information for MDB+cmr on input line 65.

("C:\Program Files\MiKTeX 2.9\tex/latex/mathdesign\mdbcmr.fd"
File: mdbcmr.fd 
)
LaTeX Font Info:    ... okay on input line 65.
LaTeX Font Info:    Checking defaults for PD1/pdf/m/n on input line 65.
LaTeX Font Info:    ... okay on input line 65.
LaTeX Font Info:    Try loading font information for T1+5ch on input line 65.

("C:/Program Files/tuddesign\tex/latex/tex-tudfonts/softmake/charter\t15ch.fd"
File: t15ch.fd 2008/06/23 Fontinst v1.927 font definitions for T1/5ch.
)
("C:\Program Files\MiKTeX 2.9\tex/context/base/mkii\supp-pdf.mkii"
[Loading MPS to PDF converter (version 2006.09.02).]
\scratchcounter=\count329
\scratchdimen=\dimen153
\scratchbox=\box41
\nofMPsegments=\count330
\nofMParguments=\count331
\everyMPshowfont=\toks30
\MPscratchCnt=\count332
\MPscratchDim=\dimen154
\MPnumerator=\count333
\makeMPintoPDFobject=\count334
\everyMPtoPDFconversion=\toks31
) ("C:\Program Files\MiKTeX 2.9\tex/latex/oberdiek\epstopdf-base.sty"
Package: epstopdf-base 2016/05/15 v2.6 Base part for package epstopdf

("C:\Program Files\MiKTeX 2.9\tex/latex/oberdiek\grfext.sty"
Package: grfext 2016/05/16 v1.2 Manage graphics extensions (HO)
)
Package epstopdf-base Info: Redefining graphics rule for `.eps' on input line 438.
Package grfext Info: Graphics extension search list:
(grfext)             [.pdf,.png,.jpg,.mps,.jpeg,.jbig2,.jb2,.PDF,.PNG,.JPG,.JPEG,.JBIG2,.JB2,.eps]
(grfext)             \AppendGraphicsExtensions on input line 456.
)
\AtBeginShipoutBox=\box42

*geometry* detected driver: dvips
*geometry* verbose mode - [ preamble ] result:
* driver: dvips
* paper: a4paper
* layout: <same size as paper>
* layoutoffset:(h,v)=(0.0pt,0.0pt)
* modes: includehead includefoot includemp twoside 
* h-part:(L,W,R)=(56.9055pt, 497.92325pt, 42.67912pt)
* v-part:(T,H,B)=(42.67912pt, 745.46222pt, 56.9055pt)
* \paperwidth=597.50787pt
* \paperheight=845.04684pt
* \textwidth=497.92325pt
* \textheight=704.89777pt
* \oddsidemargin=-15.36449pt
* \evensidemargin=-29.59087pt
* \topmargin=-29.59087pt
* \headheight=16.56445pt
* \headsep=12.0pt
* \topskip=11.0pt
* \footskip=12.0pt
* \marginparwidth=0.0pt
* \marginparsep=0.0pt
* \columnsep=11.95013pt
* \skip\footins=10.0pt plus 4.0pt minus 2.0pt
* \hoffset=0.0pt
* \voffset=0.0pt
* \mag=1000
* \@twocolumnfalse
* \@twosidetrue
* \@mparswitchtrue
* \@reversemarginfalse
* (1in=72.27pt=25.4mm, 1cm=28.453pt)

\TUD@part@topskip=\skip150
Package hyperref Info: Link coloring OFF on input line 65.
("C:\Program Files\MiKTeX 2.9\tex/latex/hyperref\nameref.sty"
Package: nameref 2016/05/21 v2.44 Cross-referencing by name of section

("C:\Program Files\MiKTeX 2.9\tex/generic/oberdiek\gettitlestring.sty"
Package: gettitlestring 2016/05/16 v1.5 Cleanup title references (HO)
)
\c@section@level=\count335
)
LaTeX Info: Redefining \ref on input line 65.
LaTeX Info: Redefining \pageref on input line 65.
LaTeX Info: Redefining \nameref on input line 65.
 (ADP.out) (ADP.out)
\@outlinefile=\write4
\openout4 = `ADP.out'.

Class scrreprt Info: loading recommended package `bookmark'.
(scrreprt)           Using `bookmark' together with `hyperref' is recommended,
(scrreprt)           because of handling of possible bookmark level gaps.
(scrreprt)           You can avoid loading `bookmark' with KOMA-Script option
(scrreprt)           `bookmarkpackage=false' before \begin{document} and
(scrreprt)           you can avoid this message with `\usepackage{bookmark}'
(scrreprt)           before \begin{document} on input line 65.

("C:\Program Files\MiKTeX 2.9\tex/latex/oberdiek\bookmark.sty"
Package: bookmark 2016/05/17 v1.26 PDF bookmarks (HO)

("C:\Program Files\MiKTeX 2.9\tex/latex/oberdiek\bkm-pdftex.def"
File: bkm-pdftex.def 2016/05/17 v1.26 bookmark driver for pdfTeX (HO)
Package auxhook Info: \AddLineBeginMainAux comes a little late,
(auxhook)             because the main .aux file is already opened on input line 164.
\BKM@id=\count336
))
Package biblatex Info: Input encoding 'utf8' detected.
Package biblatex Info: Automatic encoding selection.
(biblatex)             Assuming data encoding 'utf8'.
\openout3 = `ADP.bcf'.

Package biblatex Info: Trying to load bibliographic data...
Package biblatex Info: ... file 'ADP.bbl' found.
 (ADP.bbl)
Package biblatex Info: Reference section=0 on input line 65.
Package biblatex Info: Reference segment=0 on input line 65.
LaTeX Font Info:    Try loading font information for OT1+mdbch on input line 65.

("C:\Program Files\MiKTeX 2.9\tex/latex/mathdesign/mdbch\ot1mdbch.fd"
File: ot1mdbch.fd 2013/08/29 Fontinst v1.933 font definitions for OT1/mdbch.
)
LaTeX Font Info:    Font shape `OT1/mdbch/m/n' will be
(Font)              scaled to size 9.50406pt on input line 65.
LaTeX Font Info:    Font shape `OT1/mdbch/m/n' will be
(Font)              scaled to size 6.62404pt on input line 65.
LaTeX Font Info:    Font shape `OT1/mdbch/m/n' will be
(Font)              scaled to size 5.66403pt on input line 65.
LaTeX Font Info:    Try loading font information for OML+mdbch on input line 65.

("C:\Program Files\MiKTeX 2.9\tex/latex/mathdesign/mdbch\omlmdbch.fd"
File: omlmdbch.fd 2013/08/29 Fontinst v1.933 font definitions for OML/mdbch.
)
LaTeX Font Info:    Font shape `OML/mdbch/m/it' will be
(Font)              scaled to size 9.50406pt on input line 65.
LaTeX Font Info:    Font shape `OML/mdbch/m/it' will be
(Font)              scaled to size 6.62404pt on input line 65.
LaTeX Font Info:    Font shape `OML/mdbch/m/it' will be
(Font)              scaled to size 5.66403pt on input line 65.
LaTeX Font Info:    Try loading font information for OMS+mdbch on input line 65.

("C:\Program Files\MiKTeX 2.9\tex/latex/mathdesign/mdbch\omsmdbch.fd"
File: omsmdbch.fd 2013/08/29 Fontinst v1.933 font definitions for OMS/mdbch.
)
LaTeX Font Info:    Font shape `OMS/mdbch/m/n' will be
(Font)              scaled to size 9.50406pt on input line 65.
LaTeX Font Info:    Font shape `OMS/mdbch/m/n' will be
(Font)              scaled to size 6.62404pt on input line 65.
LaTeX Font Info:    Font shape `OMS/mdbch/m/n' will be
(Font)              scaled to size 5.66403pt on input line 65.
LaTeX Font Info:    Try loading font information for OMX+mdbch on input line 65.

("C:\Program Files\MiKTeX 2.9\tex/latex/mathdesign/mdbch\omxmdbch.fd"
File: omxmdbch.fd 2013/08/29 Fontinst v1.933 font definitions for OMX/mdbch.
)
LaTeX Font Info:    Font shape `OMX/mdbch/m/n' will be
(Font)              scaled to size 9.50406pt on input line 65.
LaTeX Font Info:    Font shape `OMX/mdbch/m/n' will be
(Font)              scaled to size 6.62404pt on input line 65.
LaTeX Font Info:    Font shape `OMX/mdbch/m/n' will be
(Font)              scaled to size 5.66403pt on input line 65.
LaTeX Font Info:    Font shape `OML/mdbch/m/n' will be
(Font)              scaled to size 9.50406pt on input line 65.
LaTeX Font Info:    Font shape `OML/mdbch/m/n' will be
(Font)              scaled to size 6.62404pt on input line 65.
LaTeX Font Info:    Font shape `OML/mdbch/m/n' will be
(Font)              scaled to size 5.66403pt on input line 65.
LaTeX Font Info:    Try loading font information for MDA+mdbch on input line 65.

("C:\Program Files\MiKTeX 2.9\tex/latex/mathdesign/mdbch\mdamdbch.fd"
File: mdamdbch.fd 2013/08/29 Fontinst v1.933 font definitions for MDA/mdbch.
)
LaTeX Font Info:    Font shape `MDA/mdbch/m/n' will be
(Font)              scaled to size 9.50406pt on input line 65.
LaTeX Font Info:    Font shape `MDA/mdbch/m/n' will be
(Font)              scaled to size 6.62404pt on input line 65.
LaTeX Font Info:    Font shape `MDA/mdbch/m/n' will be
(Font)              scaled to size 5.66403pt on input line 65.
LaTeX Font Info:    Try loading font information for MDB+mdbch on input line 65.

("C:\Program Files\MiKTeX 2.9\tex/latex/mathdesign/mdbch\mdbmdbch.fd"
File: mdbmdbch.fd 2013/08/29 Fontinst v1.933 font definitions for MDB/mdbch.
)
LaTeX Font Info:    Font shape `MDB/mdbch/m/n' will be
(Font)              scaled to size 9.50406pt on input line 65.
LaTeX Font Info:    Font shape `MDB/mdbch/m/n' will be
(Font)              scaled to size 6.62404pt on input line 65.
LaTeX Font Info:    Font shape `MDB/mdbch/m/n' will be
(Font)              scaled to size 5.66403pt on input line 65.
LaTeX Font Info:    Try loading font information for OML+mdput on input line 65.

("C:\Program Files\MiKTeX 2.9\tex/latex/mathdesign/mdput\omlmdput.fd"
File: omlmdput.fd 2013/08/29 Fontinst v1.933 font definitions for OML/mdput.
)
LaTeX Font Info:    Font shape `OML/mdput/m/it' will be
(Font)              scaled to size 9.30602pt on input line 65.
LaTeX Font Info:    Font shape `OML/mdput/m/it' will be
(Font)              scaled to size 6.48601pt on input line 65.
LaTeX Font Info:    Font shape `OML/mdput/m/it' will be
(Font)              scaled to size 5.546pt on input line 65.
LaTeX Font Info:    Font shape `T1/cmss/m/n' will be
(Font)              scaled to size 10.39001pt on input line 65.
LaTeX Font Info:    Font shape `T1/cmss/m/n' will be
(Font)              scaled to size 7.27301pt on input line 65.
LaTeX Font Info:    Font shape `T1/cmss/m/n' will be
(Font)              scaled to size 6.23401pt on input line 65.
LaTeX Font Info:    Font shape `T1/cmtt/m/n' will be
(Font)              scaled to size 10.72006pt on input line 65.
LaTeX Font Info:    Font shape `T1/cmtt/m/n' will be
(Font)              scaled to size 7.50404pt on input line 65.
LaTeX Font Info:    Font shape `T1/cmtt/m/n' will be
(Font)              scaled to size 6.43204pt on input line 65.
\@TUD@tmp@baselineskip=\skip151
\@TUD@tmp@parwidth=\skip152
\TUD@titleboxheight=\skip153
\TUD@titleboxdepth=\skip154
\TUD@subtitleboxheight=\skip155
\TUD@subtitleboxdepth=\skip156
\TUD@logoboxheight=\skip157
\TUD@logoboxwidth=\skip158
\TUD@colorbackheight=\skip159
\TUD@colorbacktitleheight=\skip160
\TUD@instboxheight=\skip161
\TUD@instboxdepth=\skip162
\TUD@instboxwidth=\skip163
\TUD@instlogoheight=\skip164
\TUD@instlogowidth=\skip165
\TUD@sponsorheight=\skip166
\TUD@titlebox=\box43
\TUD@subtitlebox=\box44
\TUD@logobox=\box45
\TUD@instbox=\box46
\TUD@sponsorbox=\box47
\TUD@tmp@height=\skip167
\TUD@tmp@depth=\skip168
LaTeX Font Info:    Try loading font information for T1+5fp on input line 67.

("C:/Program Files/tuddesign\tex/latex/tex-tudfonts/softmake/frontpage\t15fp.fd"
File: t15fp.fd 2009/08/06 Fontinst v1.927 font definitions for T1/5fp.
)
\@TUD@titlelines=\count337


Package  Warning: Title has more then 3 lines. Fontsize reduced on input line 67.

<tud_logo.pdf, id=3, 157.58875pt x 63.23625pt>
File: tud_logo.pdf Graphic file (type pdf)
<use tud_logo.pdf>
Package pdftex.def Info: tud_logo.pdf  used on input line 67.
(pdftex.def)             Requested size: 134.92238pt x 62.59605pt.
File: tud_logo.pdf Graphic file (type pdf)
<use tud_logo.pdf>
Package pdftex.def Info: tud_logo.pdf  used on input line 67.
(pdftex.def)             Requested size: 134.92238pt x 62.59605pt.
\@TUD@logolines=\count338

Package Fancyhdr Warning: \footskip is too small (12.0pt): 
Make it at least 13.59999pt.
We now make it that large for the rest of the document.
This may cause the page layout to be inconsistent, however.

[-1
Non-PDF special ignored!
<special> papersize=597.50787pt,845.04684pt

Non-PDF special ignored!
<special> papersize=597.50787pt,845.04684pt
{C:/Users/Johanna/AppData/Local/MiKTeX/2.9/pdftex/config/pdftex.map} <C:/Program Files/MiKTeX 2.9/tex/latex/tuddesign/lo
go/tud_logo.pdf>] [0

] [1



] [2


] (ADP.toc
Package tocbasic Info: Using my definition of `\numberline' on input line 5.
Package tocbasic Info: Using my definition of `\numberline' on input line 7.
Package tocbasic Info: Using my definition of `\numberline' on input line 9.
Package tocbasic Info: Using my definition of `\numberline' on input line 11.
Package tocbasic Info: Using my definition of `\numberline' on input line 15.
Package tocbasic Info: Using my definition of `\numberline' on input line 17.
Package tocbasic Info: Using my definition of `\numberline' on input line 19.
Package tocbasic Info: Using my definition of `\numberline' on input line 21.
Package tocbasic Info: Using my definition of `\numberline' on input line 23.
Package tocbasic Info: Using my definition of `\numberline' on input line 25.
Package tocbasic Info: Using my definition of `\numberline' on input line 27.
Package tocbasic Info: Using my definition of `\numberline' on input line 29.
Package tocbasic Info: Using my definition of `\numberline' on input line 31.
Package tocbasic Info: Using my definition of `\numberline' on input line 33.
Package tocbasic Info: Using my definition of `\numberline' on input line 35.
Package tocbasic Info: Using my definition of `\numberline' on input line 37.
Package tocbasic Info: Using my definition of `\numberline' on input line 41.
Package tocbasic Info: Using my definition of `\numberline' on input line 43.
Package tocbasic Info: Using my definition of `\numberline' on input line 49.
Package tocbasic Info: Using my definition of `\numberline' on input line 53.
Package tocbasic Info: Using my definition of `\numberline' on input line 55.
Package tocbasic Info: Using my definition of `\numberline' on input line 57.
Package tocbasic Info: Using my definition of `\numberline' on input line 59.
Package tocbasic Info: Using my definition of `\numberline' on input line 61.
Package tocbasic Info: Using my definition of `\numberline' on input line 63.
Package tocbasic Info: Using my definition of `\numberline' on input line 65.
Package tocbasic Info: Using my definition of `\numberline' on input line 71.
Package tocbasic Info: Using my definition of `\numberline' on input line 73.
Package tocbasic Info: Using my definition of `\numberline' on input line 75.
Package tocbasic Info: Using my definition of `\numberline' on input line 79.
Package tocbasic Info: Using my definition of `\numberline' on input line 81.
Package tocbasic Info: Using my definition of `\numberline' on input line 83.
Package tocbasic Info: Using my definition of `\numberline' on input line 85.
Package tocbasic Info: Using my definition of `\numberline' on input line 87.
Package tocbasic Info: Using my definition of `\numberline' on input line 89.
Package tocbasic Info: Using my definition of `\numberline' on input line 91.
Package tocbasic Info: Using my definition of `\numberline' on input line 97.
Package tocbasic Info: Using my definition of `\numberline' on input line 99.
 [3])
\tf@toc=\write5
\openout5 = `ADP.toc'.

 (input/1_Einleitung.tex [4]
chapter 1.

Class scrreprt Warning: \float@addtolists detected!
(scrreprt)              Implementation of \float@addtolist became
(scrreprt)              deprecated in KOMA-Script v3.01 2008/11/14 and
(scrreprt)              has been replaced by several more flexible
(scrreprt)              features of package `tocbasic`.
(scrreprt)              Since Version 3.12 support for deprecated
(scrreprt)              \float@addtolist interface has been
(scrreprt)              restricted to only some of the KOMA-Script
(scrreprt)              features and been removed from others.
(scrreprt)              Loading of package `scrhack' may help to
(scrreprt)              avoid this warning, if you are using a
(scrreprt)              a package that still implements the
(scrreprt)              deprecated \float@addtolist interface .


LaTeX Warning: Citation '2013a' on page 5 undefined on input line 9.


Underfull \hbox (badness 10000) in paragraph at lines 19--19
[]\T1/5ch/m/n/9.5 Benutzerfreundliche Kom-mu-ni-ka-ti-on durch
 []


Underfull \hbox (badness 10000) in paragraph at lines 22--23
[]\T1/5ch/m/n/9.5 berstrom, Tem-pe-ra-tur, Ein-gangs-span-nung
 []

LaTeX Font Info:    Try loading font information for TS1+5ch on input line 27.
("C:/Program Files/tuddesign\tex/latex/tex-tudfonts/softmake/charter\ts15ch.fd"
File: ts15ch.fd 2008/06/23 Fontinst v1.927 font definitions for TS1/5ch.
)) (input/2_Pruefstand.tex [5


pdfTeX warning (ext4): destination with the same identifier (name{table.1.1}) has been already used, duplicate ignored

\AtBegShi@Output ...ipout \box \AtBeginShipoutBox 
                                                  \fi \fi 
l.1 \chapter{
             Aufbau des Prfstands und Grundlagen}] [6]
chapter 2.
<Bilder/Pruefstand.pdf, id=160, 399.05087pt x 202.95824pt>
File: Bilder/Pruefstand.pdf Graphic file (type pdf)
<use Bilder/Pruefstand.pdf>
Package pdftex.def Info: Bilder/Pruefstand.pdf  used on input line 6.
(pdftex.def)             Requested size: 399.0499pt x 202.95773pt.

LaTeX Warning: Citation 'adp' on page 7 undefined on input line 7.


LaTeX Warning: Citation 'adp' on page 7 undefined on input line 7.



pdfTeX warning: pdflatex.exe (file ./Bilder/Fahrzeuggetriebe.pdf): PDF inclusion: found PDF version <1.7>, but at most v
ersion <1.5> allowed
<Bilder/Fahrzeuggetriebe.pdf, id=162, 458.46281pt x 292.09125pt>
File: Bilder/Fahrzeuggetriebe.pdf Graphic file (type pdf)
<use Bilder/Fahrzeuggetriebe.pdf>
Package pdftex.def Info: Bilder/Fahrzeuggetriebe.pdf  used on input line 17.
(pdftex.def)             Requested size: 458.46169pt x 292.09052pt.

LaTeX Warning: `h' float specifier changed to `ht'.

[7


pdfTeX warning (ext4): destination with the same identifier (name{figure.2.1}) has been already used, duplicate ignored

\AtBegShi@Output ...ipout \box \AtBeginShipoutBox 
                                                  \fi \fi 
l.27 \subsection{Aktor}
                        <./Bilder/Pruefstand.pdf>]
<Bilder/QuerschnittAktor.pdf, id=176, 330.5148pt x 178.86826pt>
File: Bilder/QuerschnittAktor.pdf Graphic file (type pdf)
<use Bilder/QuerschnittAktor.pdf>
Package pdftex.def Info: Bilder/QuerschnittAktor.pdf  used on input line 34.
(pdftex.def)             Requested size: 330.51398pt x 178.86781pt.


LaTeX Warning: Citation 'Hahn2018' on page 8 undefined on input line 35.


LaTeX Warning: Citation 'Hahn2018' on page 8 undefined on input line 35.

[8pdfTeX warning (ext4): destination with the same identifier (name{figure.2.2}) has been already used, duplicate ignore
d

\AtBegShi@Output ...ipout \box \AtBeginShipoutBox 
                                                  \fi \fi 
l.41 \begin{equation}
                     pdfTeX warning (ext4): destination with the same identifier (name{figure.2.3}) has been already use
d, duplicate ignored

\AtBegShi@Output ...ipout \box \AtBeginShipoutBox 
                                                  \fi \fi 
l.41 \begin{equation}
                      <./Bilder/Fahrzeuggetriebe.pdf> <./Bilder/QuerschnittAktor.pdf>]
<Bilder/KennlinieAktor.pdf, id=192, 369.13408pt x 291.07494pt>
File: Bilder/KennlinieAktor.pdf Graphic file (type pdf)
<use Bilder/KennlinieAktor.pdf>
Package pdftex.def Info: Bilder/KennlinieAktor.pdf  used on input line 49.
(pdftex.def)             Requested size: 369.13318pt x 291.07422pt.


LaTeX Warning: Citation 'adp' on page 9 undefined on input line 50.


LaTeX Warning: Citation 'adp' on page 9 undefined on input line 50.

[9pdfTeX warning (ext4): destination with the same identifier (name{figure.2.4}) has been already used, duplicate ignore
d

\AtBegShi@Output ...ipout \box \AtBeginShipoutBox 
                                                  \fi \fi 
l.64 
      <./Bilder/KennlinieAktor.pdf>]
<Bilder/Sensor.pdf, id=254, 216.20775pt x 218.37582pt>
File: Bilder/Sensor.pdf Graphic file (type pdf)
<use Bilder/Sensor.pdf>
Package pdftex.def Info: Bilder/Sensor.pdf  used on input line 67.
(pdftex.def)             Requested size: 216.20721pt x 218.37527pt.


LaTeX Warning: Citation 'adp' on page 10 undefined on input line 68.


LaTeX Warning: Citation 'adp' on page 10 undefined on input line 68.


LaTeX Warning: Citation 'messtechnik' on page 10 undefined on input line 71.

<Bilder/SprungantwortSchaltgabelposition.pdf, id=256, 439.32672pt x 284.92487pt>
File: Bilder/SprungantwortSchaltgabelposition.pdf Graphic file (type pdf)
<use Bilder/SprungantwortSchaltgabelposition.pdf>
Package pdftex.def Info: Bilder/SprungantwortSchaltgabelposition.pdf  used on input line 81.
(pdftex.def)             Requested size: 439.32564pt x 284.92416pt.

LaTeX Warning: Citation 'adp' on page 10 undefined on input line 82.


LaTeX Warning: Citation 'adp' on page 10 undefined on input line 82.


LaTeX Warning: `h' float specifier changed to `ht'.


LaTeX Warning: Citation 'l\IeC {\"o}ten' on page 10 undefined on input line 87.



pdfTeX warning: pdflatex.exe (file ./Bilder/BlockschaltbildMikrocontroller.pdf): PDF inclusion: found PDF version <1.7>,
 but at most version <1.5> allowed
<Bilder/BlockschaltbildMikrocontroller.pdf, id=257, 365.11406pt x 274.02374pt>
File: Bilder/BlockschaltbildMikrocontroller.pdf Graphic file (type pdf)
<use Bilder/BlockschaltbildMikrocontroller.pdf>
Package pdftex.def Info: Bilder/BlockschaltbildMikrocontroller.pdf  used on input line 93.
(pdftex.def)             Requested size: 365.11316pt x 274.02307pt.

LaTeX Warning: Citation 'Bernstein2015' on page 10 undefined on input line 94.


LaTeX Warning: Citation 'Bernstein2015' on page 10 undefined on input line 94.


LaTeX Warning: `h' float specifier changed to `ht'.

LaTeX Font Info:    Font shape `T1/5ch/b/it' in size <9.5> not available
(Font)              Font shape `T1/5ch/b/sl' tried instead on input line 98.
[10pdfTeX warning (ext4): destination with the same identifier (name{figure.2.5}) has been already used, duplicate ignor
ed

\AtBegShi@Output ...ipout \box \AtBeginShipoutBox 
                                                  \fi \fi 
l.100 
       <./Bilder/Sensor.pdf>]

LaTeX Warning: Citation 'Brinkschulte' on page 11 undefined on input line 108.


LaTeX Warning: Citation 'Gessler2014' on page 11 undefined on input line 114.


LaTeX Warning: Citation 'Broy2003' on page 11 undefined on input line 114.


LaTeX Warning: Citation 'smartactuator' on page 11 undefined on input line 116.


LaTeX Warning: Citation 'smartaktor' on page 11 undefined on input line 118.

[11pdfTeX warning (ext4): destination with the same identifier (name{figure.2.6}) has been already used, duplicate ignor
ed

\AtBegShi@Output ...ipout \box \AtBeginShipoutBox 
                                                  \fi \fi 
l.119 
       <./Bilder/SprungantwortSchaltgabelposition.pdf>]

LaTeX Warning: Citation 'Werner2014' on page 12 undefined on input line 122.


LaTeX Warning: Citation 'Woern2006' on page 12 undefined on input line 122.

<Bilder/CAN2.pdf, id=310, 461.04245pt x 339.18721pt>
File: Bilder/CAN2.pdf Graphic file (type pdf)
<use Bilder/CAN2.pdf>
Package pdftex.def Info: Bilder/CAN2.pdf  used on input line 127.
(pdftex.def)             Requested size: 461.04132pt x 339.18639pt.

LaTeX Warning: Citation 'manual' on page 12 undefined on input line 128.


LaTeX Warning: Citation 'manual' on page 12 undefined on input line 128.


LaTeX Warning: `h' float specifier changed to `ht'.


LaTeX Warning: Citation 'Lawrenz2010' on page 12 undefined on input line 133.


LaTeX Warning: Citation 'Werner2014' on page 12 undefined on input line 134.

[12pdfTeX warning (ext4): destination with the same identifier (name{figure.2.7}) has been already used, duplicate ignor
ed

\AtBegShi@Output ...ipout \box \AtBeginShipoutBox 
                                                  \fi \fi 
l.141 I
       m Folgenden wird speziell auf die in dieser Arbeit eingerichtete CAN-... <./Bilder/BlockschaltbildMikrocontroller
.pdf>]

pdfTeX warning: pdflatex.exe (file ./Bilder/PWM.pdf): PDF inclusion: found PDF version <1.7>, but at most version <1.5> 
allowed
<Bilder/PWM.pdf, id=320, 255.95625pt x 76.78688pt>
File: Bilder/PWM.pdf Graphic file (type pdf)
<use Bilder/PWM.pdf>
Package pdftex.def Info: Bilder/PWM.pdf  used on input line 164.
(pdftex.def)             Requested size: 255.95561pt x 76.78668pt.
[13pdfTeX warning (ext4): destination with the same identifier (name{figure.2.8}) has been already used, duplicate ignor
ed

\AtBegShi@Output ...ipout \box \AtBeginShipoutBox 
                                                  \fi \fi 
l.167 \end{figure}
                   <./Bilder/CAN2.pdf>]) (input/3_Vorgehensweise.tex [14pdfTeX warning (ext4): destination with the same
 identifier (name{figure.2.9}) has been already used, duplicate ignored

\AtBegShi@Output ...ipout \box \AtBeginShipoutBox 
                                                  \fi \fi 
l.1 \chapter{
             Vorgehensweise und Testverfahren} <./Bilder/PWM.pdf>]
chapter 3.

LaTeX Warning: Citation 'BasSof' on page 15 undefined on input line 6.


LaTeX Warning: Citation 'ISO_25010' on page 15 undefined on input line 6.

<./Bilder/fig_v_modell.pdf, id=342, 473.49486pt x 236.71333pt>
File: ./Bilder/fig_v_modell.pdf Graphic file (type pdf)
<use ./Bilder/fig_v_modell.pdf>
Package pdftex.def Info: ./Bilder/fig_v_modell.pdf  used on input line 22.
(pdftex.def)             Requested size: 497.92325pt x 248.93558pt.

LaTeX Warning: Citation 'Boehm 79' on page 15 undefined on input line 23.


LaTeX Warning: Citation 'Boehm 79' on page 15 undefined on input line 23.


LaTeX Warning: Citation 'Boehm 79' on page 15 undefined on input line 27.


LaTeX Warning: Citation 'BasSof' on page 15 undefined on input line 27.


Underfull \hbox (badness 10000) in paragraph at lines 27--29

 []


Underfull \hbox (badness 10000) in paragraph at lines 31--34

 []

[15


]

LaTeX Warning: Citation 'BasSof' on page 16 undefined on input line 36.

ngerman: "nn is now obsolete, please use nnn instead on input line 37.
<./Bilder/fig_klass.pdf, id=350, 844.4649pt x 425.65077pt>
File: ./Bilder/fig_klass.pdf Graphic file (type pdf)
<use ./Bilder/fig_klass.pdf>
Package pdftex.def Info: ./Bilder/fig_klass.pdf  used on input line 39.
(pdftex.def)             Requested size: 497.92325pt x 250.98239pt.
[16pdfTeX warning (ext4): destination with the same identifier (name{figure.3.1}) has been already used, duplicate ignor
ed

\AtBegShi@Output ...ipout \box \AtBeginShipoutBox 
                                                  \fi \fi 
l.47 
      <./Bilder/fig_v_modell.pdf>]

LaTeX Warning: Citation 'BasSof' on page 17 undefined on input line 48.

[17pdfTeX warning (ext4): destination with the same identifier (name{figure.3.2}) has been already used, duplicate ignor
ed

\AtBegShi@Output ...ipout \box \AtBeginShipoutBox 
                                                  \fi \fi 
l.53 
      <./Bilder/fig_klass.pdf>]
<./Bilder/fig_entw_evo.png, id=380, 2038.61626pt x 1930.96407pt>
File: ./Bilder/fig_entw_evo.png Graphic file (type png)
<use ./Bilder/fig_entw_evo.png>
Package pdftex.def Info: ./Bilder/fig_entw_evo.png  used on input line 71.
(pdftex.def)             Requested size: 298.75697pt x 282.97322pt.
) (input/4_Komponentenauswahl.tex [18pdfTeX warning (ext4): destination with the same identifier (name{table.3.1}) has b
een already used, duplicate ignored

\AtBegShi@Output ...ipout \box \AtBeginShipoutBox 
                                                  \fi \fi 
l.1 \chapter{
             Auswahl elektronischer Komponenten und Verschaltung}\label{ch:k...pdfTeX warning (ext4): destination with t
he same identifier (name{figure.3.3}) has been already used, duplicate ignored

\AtBegShi@Output ...ipout \box \AtBeginShipoutBox 
                                                  \fi \fi 
l.1 \chapter{
             Auswahl elektronischer Komponenten und Verschaltung}\label{ch:k... <./Bilder/fig_entw_evo.png>]
chapter 4.

LaTeX Warning: Citation 'haendschke' on page 19 undefined on input line 3.


LaTeX Warning: Citation 'aecq' on page 19 undefined on input line 3.


LaTeX Warning: Citation 'ldo' on page 19 undefined on input line 5.

<./Bilder/anf.pdf, id=388, 1008.31772pt x 398.11223pt>
File: ./Bilder/anf.pdf Graphic file (type pdf)
<use ./Bilder/anf.pdf>
Package pdftex.def Info: ./Bilder/anf.pdf  used on input line 10.
(pdftex.def)             Requested size: 300.0pt x 118.44441pt.

Underfull \vbox (badness 10000) has occurred while \output is active []

 [19


]

LaTeX Warning: Citation 'stm32' on page 20 undefined on input line 17.


LaTeX Warning: Citation 'decoupling' on page 20 undefined on input line 17.


LaTeX Warning: Citation 'stm32' on page 20 undefined on input line 17.


LaTeX Warning: Citation 'stm32' on page 20 undefined on input line 18.

<./Bilder/MCU_MIN.pdf, id=394, 777.82593pt x 234.19496pt>
File: ./Bilder/MCU_MIN.pdf Graphic file (type pdf)
<use ./Bilder/MCU_MIN.pdf>
Package pdftex.def Info: ./Bilder/MCU_MIN.pdf  used on input line 21.
(pdftex.def)             Requested size: 497.92325pt x 149.91998pt.
[20pdfTeX warning (ext4): destination with the same identifier (name{figure.4.1}) has been already used, duplicate ignor
ed

\AtBegShi@Output ...ipout \box \AtBeginShipoutBox 
                                                  \fi \fi 
l.27 
     pdfTeX warning (ext4): destination with the same identifier (name{figure.4.2}) has been already used, duplicate ign
ored

\AtBegShi@Output ...ipout \box \AtBeginShipoutBox 
                                                  \fi \fi 
l.27 
      <./Bilder/anf.pdf> <./Bilder/MCU_MIN.pdf>]
<./Bilder/MCU_PINS.pdf, id=415, 373.31471pt x 358.65996pt>
File: ./Bilder/MCU_PINS.pdf Graphic file (type pdf)
<use ./Bilder/MCU_PINS.pdf>
Package pdftex.def Info: ./Bilder/MCU_PINS.pdf  used on input line 29.
(pdftex.def)             Requested size: 373.44243pt x 358.77946pt.

Overfull \hbox (55.02112pt too wide) in paragraph at lines 32--57
[][] 
 []


Overfull \hbox (7.56406pt too wide) in paragraph at lines 59--71
$[]$ $[]$   
 []


Underfull \hbox (badness 10000) in paragraph at lines 59--71

 []


LaTeX Warning: Citation 'stmref' on page 21 undefined on input line 80.


LaTeX Warning: Citation 'stmref' on page 21 undefined on input line 80.


LaTeX Warning: Citation 'stmref' on page 21 undefined on input line 84.


LaTeX Warning: Citation 'stmquarz' on page 21 undefined on input line 84.


LaTeX Warning: Citation 'stmquarz' on page 21 undefined on input line 84.

[21pdfTeX warning (ext4): destination with the same identifier (name{figure.4.3}) has been already used, duplicate ignor
ed

\AtBegShi@Output ...ipout \box \AtBeginShipoutBox 
                                                  \fi \fi 
l.85 \begin{align*}
                   pdfTeX warning (ext4): destination with the same identifier (name{table.4.1}) has been already used, 
duplicate ignored

\AtBegShi@Output ...ipout \box \AtBeginShipoutBox 
                                                  \fi \fi 
l.85 \begin{align*}
                   pdfTeX warning (ext4): destination with the same identifier (name{table.4.2}) has been already used, 
duplicate ignored

\AtBegShi@Output ...ipout \box \AtBeginShipoutBox 
                                                  \fi \fi 
l.85 \begin{align*}
                    <./Bilder/MCU_PINS.pdf>]
<./Bilder/quarz.pdf, id=435, 575.06844pt x 228.17245pt>
File: ./Bilder/quarz.pdf Graphic file (type pdf)
<use ./Bilder/quarz.pdf>
Package pdftex.def Info: ./Bilder/quarz.pdf  used on input line 92.
(pdftex.def)             Requested size: 300.0pt x 119.02985pt.
<./Bilder/can.pdf, id=437, 593.13593pt x 364.68246pt>
File: ./Bilder/can.pdf Graphic file (type pdf)
<use ./Bilder/can.pdf>
Package pdftex.def Info: ./Bilder/can.pdf  used on input line 101.
(pdftex.def)             Requested size: 400.0pt x 245.93858pt.


LaTeX Warning: Citation 'cantrans' on page 22 undefined on input line 105.

[22pdfTeX warning (ext4): destination with the same identifier (name{figure.4.4}) has been already used, duplicate ignor
ed

\AtBegShi@Output ...ipout \box \AtBeginShipoutBox 
                                                  \fi \fi 
l.106 
      pdfTeX warning (ext4): destination with the same identifier (name{figure.4.5}) has been already used, duplicate ig
nored

\AtBegShi@Output ...ipout \box \AtBeginShipoutBox 
                                                  \fi \fi 
l.106 
       <./Bilder/quarz.pdf> <./Bilder/can.pdf>]
<./Bilder/LDO.png, id=461, 525.46312pt x 284.56313pt>
File: ./Bilder/LDO.png Graphic file (type png)
<use ./Bilder/LDO.png>
Package pdftex.def Info: ./Bilder/LDO.png  used on input line 115.
(pdftex.def)             Requested size: 350.0pt x 189.54907pt.


LaTeX Warning: Citation 'ldo' on page 23 undefined on input line 123.

<./Bilder/volt.pdf, id=464, 651.35344pt x 323.5287pt>
File: ./Bilder/volt.pdf Graphic file (type pdf)
<use ./Bilder/volt.pdf>
Package pdftex.def Info: ./Bilder/volt.pdf  used on input line 127.
(pdftex.def)             Requested size: 400.0pt x 198.68018pt.
[23pdfTeX warning (ext4): destination with the same identifier (name{figure.4.6}) has been already used, duplicate ignor
ed

\AtBegShi@Output ...ipout \box \AtBeginShipoutBox 
                                                  \fi \fi 
l.130 \end{figure}
                   <./Bilder/LDO.png>]
<./Bilder/stecker.pdf, id=476, 347.21721pt x 270.32996pt>
File: ./Bilder/stecker.pdf Graphic file (type pdf)
<use ./Bilder/stecker.pdf>
Package pdftex.def Info: ./Bilder/stecker.pdf  used on input line 137.
(pdftex.def)             Requested size: 200.0pt x 155.71487pt.
) (input/5_Platinendesign.tex [24pdfTeX warning (ext4): destination with the same identifier (name{figure.4.7}) has been
 already used, duplicate ignored

\AtBegShi@Output ...ipout \box \AtBeginShipoutBox 
                                                  \fi \fi 
l.1 \chapter{
             Platinenentwurf}pdfTeX warning (ext4): destination with the same identifier (name{figure.4.8}) has been alr
eady used, duplicate ignored

\AtBegShi@Output ...ipout \box \AtBeginShipoutBox 
                                                  \fi \fi 
l.1 \chapter{
             Platinenentwurf} <./Bilder/volt.pdf> <./Bilder/stecker.pdf>] [25] [26


]
chapter 5.
<./Bilder/Elektronik_Gehauese_ver3.png, id=509, 683.55376pt x 473.51906pt>
File: ./Bilder/Elektronik_Gehauese_ver3.png Graphic file (type png)
<use ./Bilder/Elektronik_Gehauese_ver3.png>
Package pdftex.def Info: ./Bilder/Elektronik_Gehauese_ver3.png  used on input line 8.
(pdftex.def)             Requested size: 300.0pt x 207.82156pt.

LaTeX Warning: Citation 'w\IeC {\"u}rth' on page 27 undefined on input line 14.

<./Bilder/Elektronik_Gehauese.png, id=511, 532.23843pt x 364.36125pt>
File: ./Bilder/Elektronik_Gehauese.png Graphic file (type png)
<use ./Bilder/Elektronik_Gehauese.png>
Package pdftex.def Info: ./Bilder/Elektronik_Gehauese.png  used on input line 18.
(pdftex.def)             Requested size: 300.0pt x 205.38078pt.
[27pdfTeX warning (ext4): destination with the same identifier (name{figure.5.1}) has been already used, duplicate ignor
ed

\AtBegShi@Output ...ipout \box \AtBeginShipoutBox 
                                                  \fi \fi 
l.22 D
      ie vier Schrauben, mit denen Platine, Aluminiumplatte und Platinengeh... <./Bilder/Elektronik_Gehauese_ver3.png>]

LaTeX Warning: Citation 'bopla' on page 28 undefined on input line 23.


LaTeX Warning: Citation 'Gwinner2006' on page 28 undefined on input line 23.


LaTeX Warning: Citation 'emcdes' on page 28 undefined on input line 26.


LaTeX Warning: Citation 'emcdes' on page 28 undefined on input line 26.


LaTeX Warning: Citation 'stmquarz' on page 28 undefined on input line 26.


LaTeX Warning: Citation 'stmquarz' on page 28 undefined on input line 26.


LaTeX Warning: Citation 'emcdes' on page 28 undefined on input line 27.

[28pdfTeX warning (ext4): destination with the same identifier (name{figure.5.2}) has been already used, duplicate ignor
ed

\AtBegShi@Output ...ipout \box \AtBeginShipoutBox 
                                                  \fi \fi 
l.28 
      <./Bilder/Elektronik_Gehauese.png>]
<./Bilder/docu.pdf, id=525, 592.5337pt x 328.74818pt>
File: ./Bilder/docu.pdf Graphic file (type pdf)
<use ./Bilder/docu.pdf>
Package pdftex.def Info: ./Bilder/docu.pdf  used on input line 31.
(pdftex.def)             Requested size: 380.0pt x 210.82951pt.
 [29pdfTeX warning (ext4): destination with the same identifier (name{figure.5.3}) has been already used, duplicate igno
red

\AtBegShi@Output ...ipout \box \AtBeginShipoutBox 
                                                  \fi \fi 
l.73 \end{equation}
                    <./Bilder/docu.pdf>]
Package epstopdf Info: Source file: <./Bilder/temp.eps>
(epstopdf)                    date: 2019-03-26 22:25:16
(epstopdf)                    size: 78668 bytes
(epstopdf)             Output file: <./Bilder/temp-eps-converted-to.pdf>
(epstopdf)                    date: 2019-03-26 22:25:16
(epstopdf)                    size: 29609 bytes
(epstopdf)             Command: <epstopdf --outfile=./Bilder/temp-eps-converted-to.pdf ./Bilder/temp.eps>
(epstopdf)             \includegraphics on input line 91.
Package epstopdf Info: Output file is already uptodate.


pdfTeX warning: pdflatex.exe (file ./Bilder/temp-eps-converted-to.pdf): PDF inclusion: found PDF version <1.7>, but at m
ost version <1.5> allowed
<./Bilder/temp-eps-converted-to.pdf, id=550, 421.575pt x 316.18124pt>
File: ./Bilder/temp-eps-converted-to.pdf Graphic file (type pdf)
<use ./Bilder/temp-eps-converted-to.pdf>
Package pdftex.def Info: ./Bilder/temp-eps-converted-to.pdf  used on input line 91.
(pdftex.def)             Requested size: 247.0pt x 185.25233pt.
Package epstopdf Info: Source file: <./Bilder/quer.eps>
(epstopdf)                    date: 2019-03-26 22:25:16
(epstopdf)                    size: 67557 bytes
(epstopdf)             Output file: <./Bilder/quer-eps-converted-to.pdf>
(epstopdf)                    date: 2019-03-26 22:25:16
(epstopdf)                    size: 26286 bytes
(epstopdf)             Command: <epstopdf --outfile=./Bilder/quer-eps-converted-to.pdf ./Bilder/quer.eps>
(epstopdf)             \includegraphics on input line 92.
Package epstopdf Info: Output file is already uptodate.


pdfTeX warning: pdflatex.exe (file ./Bilder/quer-eps-converted-to.pdf): PDF inclusion: found PDF version <1.7>, but at m
ost version <1.5> allowed
<./Bilder/quer-eps-converted-to.pdf, id=551, 421.575pt x 316.18124pt>
File: ./Bilder/quer-eps-converted-to.pdf Graphic file (type pdf)
<use ./Bilder/quer-eps-converted-to.pdf>
Package pdftex.def Info: ./Bilder/quer-eps-converted-to.pdf  used on input line 92.
(pdftex.def)             Requested size: 247.0pt x 185.25233pt.

LaTeX Warning: Citation 'Stiny2015' on page 30 undefined on input line 98.

[30pdfTeX warning (ext4): destination with the same identifier (name{figure.5.4}) has been already used, duplicate ignor
ed

\AtBegShi@Output ...ipout \box \AtBeginShipoutBox 
                                                  \fi \fi 
l.118 \end{table}
                  <./Bilder/temp-eps-converted-to.pdf> <./Bilder/quer-eps-converted-to.pdf>]

LaTeX Warning: Citation 'haendschke' on page 31 undefined on input line 122.


LaTeX Warning: Citation 'haendschke' on page 31 undefined on input line 122.

<./Bilder/layer.pdf, id=582, 356.25473pt x 157.06233pt>
File: ./Bilder/layer.pdf Graphic file (type pdf)
<use ./Bilder/layer.pdf>
Package pdftex.def Info: ./Bilder/layer.pdf  used on input line 125.
(pdftex.def)             Requested size: 300.0pt x 132.26218pt.

Underfull \vbox (badness 10000) has occurred while \output is active []

 [31pdfTeX warning (ext4): destination with the same identifier (name{table.5.1}) has been already used, duplicate ignor
ed

\AtBegShi@Output ...ipout \box \AtBeginShipoutBox 
                                                  \fi \fi 
l.129 P
       rinzipiell knnen Platinen mit deutlich mehr Layer-Ebenen entworfen ...]

LaTeX Warning: Citation 'emcdes' on page 32 undefined on input line 129.


LaTeX Warning: Citation 'emcdes' on page 32 undefined on input line 129.


LaTeX Warning: Citation 'Franz2012' on page 32 undefined on input line 129.


LaTeX Warning: Citation 'emcdes' on page 32 undefined on input line 130.

<./Bilder/logb.pdf, id=593, 334.25047pt x 326.42123pt>
File: ./Bilder/logb.pdf Graphic file (type pdf)
<use ./Bilder/logb.pdf>
Package pdftex.def Info: ./Bilder/logb.pdf  used on input line 139.
(pdftex.def)             Requested size: 250.0pt x 244.15286pt.

LaTeX Warning: Citation 'Franz2012' on page 32 undefined on input line 143.


LaTeX Warning: Citation 'Franz2012' on page 32 undefined on input line 143.


LaTeX Warning: Citation 'gndbnc' on page 32 undefined on input line 143.


LaTeX Warning: Citation 'Franz2012' on page 32 undefined on input line 143.


LaTeX Warning: Citation 'emcdes' on page 32 undefined on input line 143.


LaTeX Warning: Citation 'Franz2012' on page 32 undefined on input line 143.

[32pdfTeX warning (ext4): destination with the same identifier (name{figure.5.5}) has been already used, duplicate ignor
ed

\AtBegShi@Output ...ipout \box \AtBeginShipoutBox 
                                                  \fi \fi 
l.144 
      pdfTeX warning (ext4): destination with the same identifier (name{figure.5.6}) has been already used, duplicate ig
nored

\AtBegShi@Output ...ipout \box \AtBeginShipoutBox 
                                                  \fi \fi 
l.144 
       <./Bilder/layer.pdf> <./Bilder/logb.pdf

pdfTeX warning: pdflatex.exe (file ./Bilder/logb.pdf): PDF inclusion: multiple pdfs with page group included in a single
 page
>]
<./Bilder/top2.pdf, id=755, 450.0012pt x 258.48569pt>
File: ./Bilder/top2.pdf Graphic file (type pdf)
<use ./Bilder/top2.pdf>
Package pdftex.def Info: ./Bilder/top2.pdf  used on input line 149.
(pdftex.def)             Requested size: 400.0pt x 229.7636pt.
<./Bilder/bottom2.pdf, id=758, 450.0012pt x 266.51572pt>
File: ./Bilder/bottom2.pdf Graphic file (type pdf)
<use ./Bilder/bottom2.pdf>
Package pdftex.def Info: ./Bilder/bottom2.pdf  used on input line 156.
(pdftex.def)             Requested size: 400.0pt x 236.90137pt.

Underfull \vbox (badness 1888) has occurred while \output is active []

 [33pdfTeX warning (ext4): destination with the same identifier (name{figure.5.7}) has been already used, duplicate igno
red

\AtBegShi@Output ...ipout \box \AtBeginShipoutBox 
                                                  \fi \fi 
l.159 \end{figure}
                   <./Bilder/top2.pdf>]) (input/6_Software.tex [34pdfTeX warning (ext4): destination with the same ident
ifier (name{figure.5.8}) has been already used, duplicate ignored

\AtBegShi@Output ...ipout \box \AtBeginShipoutBox 
                                                  \fi \fi 
l.1 \chapter{
             Software} <./Bilder/bottom2.pdf>]
chapter 6.
) (input/7_Analyse.tex [35


] [36


]
chapter 7.
<./Bilder/Platinenkosten.pdf, id=795, 719.60843pt x 359.66371pt>
File: ./Bilder/Platinenkosten.pdf Graphic file (type pdf)
<use ./Bilder/Platinenkosten.pdf>
Package pdftex.def Info: ./Bilder/Platinenkosten.pdf  used on input line 41.
(pdftex.def)             Requested size: 248.96162pt x 124.42986pt.
<./Bilder/Platinenkosten-tausend.pdf, id=796, 719.60843pt x 353.6412pt>
File: ./Bilder/Platinenkosten-tausend.pdf Graphic file (type pdf)
<use ./Bilder/Platinenkosten-tausend.pdf>
Package pdftex.def Info: ./Bilder/Platinenkosten-tausend.pdf  used on input line 44.
(pdftex.def)             Requested size: 248.96162pt x 122.34628pt.

Overfull \hbox (2.0045pt too wide) in paragraph at lines 40--46
[]$[]$ $[]$
 []


LaTeX Warning: `h' float specifier changed to `ht'.

) (input/8_Fazit.tex [37pdfTeX warning (ext4): destination with the same identifier (name{table.7.1}) has been already u
sed, duplicate ignored

\AtBegShi@Output ...ipout \box \AtBeginShipoutBox 
                                                  \fi \fi 
l.1 \chapter{
             Fazit und Ausblick}] [38pdfTeX warning (ext4): destination with the same identifier (name{figure.7.1}) has 
been already used, duplicate ignored

\AtBegShi@Output ...ipout \box \AtBeginShipoutBox 
                                                  \fi \fi 
l.1 \chapter{
             Fazit und Ausblick} <./Bilder/Platinenkosten.pdf> <./Bilder/Platinenkosten-tausend.pdf

pdfTeX warning: pdflatex.exe (file ./Bilder/Platinenkosten-tausend.pdf): PDF inclusion: multiple pdfs with page group in
cluded in a single page
>]
chapter 8.
) [39


] [40


] (ADP.lof
Package tocbasic Info: Using my definition of `\numberline' on input line 7.
Package tocbasic Info: Using my definition of `\numberline' on input line 9.
Package tocbasic Info: Using my definition of `\numberline' on input line 11.
Package tocbasic Info: Using my definition of `\numberline' on input line 13.
Package tocbasic Info: Using my definition of `\numberline' on input line 15.
Package tocbasic Info: Using my definition of `\numberline' on input line 17.
Package tocbasic Info: Using my definition of `\numberline' on input line 19.
Package tocbasic Info: Using my definition of `\numberline' on input line 21.
Package tocbasic Info: Using my definition of `\numberline' on input line 23.
Package tocbasic Info: Using my definition of `\numberline' on input line 27.
Package tocbasic Info: Using my definition of `\numberline' on input line 29.
Package tocbasic Info: Using my definition of `\numberline' on input line 31.
Package tocbasic Info: Using my definition of `\numberline' on input line 35.
Package tocbasic Info: Using my definition of `\numberline' on input line 37.
Package tocbasic Info: Using my definition of `\numberline' on input line 39.
Package tocbasic Info: Using my definition of `\numberline' on input line 41.
Package tocbasic Info: Using my definition of `\numberline' on input line 43.
Package tocbasic Info: Using my definition of `\numberline' on input line 45.
Package tocbasic Info: Using my definition of `\numberline' on input line 47.
Package tocbasic Info: Using my definition of `\numberline' on input line 49.
Package tocbasic Info: Using my definition of `\numberline' on input line 53.
Package tocbasic Info: Using my definition of `\numberline' on input line 55.
Package tocbasic Info: Using my definition of `\numberline' on input line 57.
Package tocbasic Info: Using my definition of `\numberline' on input line 59.
Package tocbasic Info: Using my definition of `\numberline' on input line 61.
Package tocbasic Info: Using my definition of `\numberline' on input line 63.
Package tocbasic Info: Using my definition of `\numberline' on input line 65.
Package tocbasic Info: Using my definition of `\numberline' on input line 67.
Package tocbasic Info: Using my definition of `\numberline' on input line 73.
)
\tf@lof=\write6
\openout6 = `ADP.lof'.

Package atveryend Info: Empty hook `BeforeClearDocument' on input line 86.
 [41]
Package atveryend Info: Empty hook `AfterLastShipout' on input line 86.
 (ADP.aux)
Package atveryend Info: Executing hook `AtVeryEndDocument' on input line 86.
Package atveryend Info: Executing hook `AtEndAfterFileList' on input line 86.
Package rerunfilecheck Info: File `ADP.out' has not changed.
(rerunfilecheck)             Checksum: D41D8CD98F00B204E9800998ECF8427E;0.


LaTeX Font Warning: Size substitutions with differences
(Font)              up to 1.45998pt have occurred.


LaTeX Warning: There were undefined references.


LaTeX Warning: There were multiply-defined labels.


Package biblatex Warning: Please (re)run Biber on the file:
(biblatex)                ADP
(biblatex)                and rerun LaTeX afterwards.

Package logreq Info: Writing requests to 'ADP.run.xml'.
\openout1 = `ADP.run.xml'.

Package atveryend Info: Empty hook `AtVeryVeryEnd' on input line 86.
 ) 
Here is how much of TeX's memory you used:
 20434 strings out of 492946
 345042 string characters out of 3135522
 912076 words of memory out of 3000000
 23755 multiletter control sequences out of 15000+200000
 133542 words of font info for 135 fonts, out of 3000000 for 9000
 1141 hyphenation exceptions out of 8191
 59i,13n,100p,9105b,1581s stack positions out of 5000i,500n,10000p,200000b,50000s
{C:/Program Files/MiKTeX 2.9/fonts/enc/dvips/base/8r.enc}{C:/Program Files/MiKTeX 2.9/fonts/enc/dvips/ly1/texnansi.enc
}<C:/Program Files/tuddesign/fonts/type1/softmake/charter/5chb8a.pfb><C:/Program Files/tuddesign/fonts/type1/softmake/ch
arter/5chb8a.pfb><C:/Program Files/tuddesign/fonts/type1/softmake/charter/5chr8a.pfb><C:/Program Files/tuddesign/fonts/t
ype1/softmake/charter/5chri8a.pfb><C:/Program Files/tuddesign/fonts/type1/softmake/frontpage/5fpm8a.pfb><C:/Program File
s/tuddesign/fonts/type1/softmake/frontpage/5fpr8a.pfb><C:/Program Files/MiKTeX 2.9/fonts/type1/bitstrea/charter/bchr8a.p
fb><C:/Program Files/MiKTeX 2.9/fonts/type1/bitstrea/charter/bchri8a.pfb><C:/Program Files/MiKTeX 2.9/fonts/type1/mathde
sign/mdbch/md-chr7m.pfb><C:/Program Files/MiKTeX 2.9/fonts/type1/mathdesign/mdbch/md-chr7t.pfb><C:/Program Files/MiKTeX 
2.9/fonts/type1/mathdesign/mdbch/md-chr7v.pfb><C:/Program Files/MiKTeX 2.9/fonts/type1/mathdesign/mdbch/md-chr7y.pfb><C:
/Program Files/MiKTeX 2.9/fonts/type1/mathdesign/mdbch/md-chri7m.pfb><C:/Program Files/MiKTeX 2.9/fonts/type1/mathdesign
/mdbch/md-chrma.pfb>
Output written on ADP.pdf (43 pages, 15968280 bytes).
PDF statistics:
 1093 PDF objects out of 1200 (max. 8388607)
 149 named destinations out of 1000 (max. 500000)
 549 words of extra memory for PDF output out of 10000 (max. 10000000)

